{"C:\\Users\\ragha\\Desktop\\KANUPRIYA\\Final Task 6\\index.js": {"path":"C:\\Users\\ragha\\Desktop\\KANUPRIYA\\Final Task 6\\index.js","statementMap":{"0":{"start":{"line":13,"column":0},"end":{"line":13,"column":16}},"1":{"start":{"line":15,"column":12},"end":{"line":15,"column":21}},"2":{"start":{"line":16,"column":13},"end":{"line":16,"column":29}},"3":{"start":{"line":18,"column":0},"end":{"line":18,"column":24}},"4":{"start":{"line":19,"column":0},"end":{"line":19,"column":24}},"5":{"start":{"line":20,"column":0},"end":{"line":25,"column":2}},"6":{"start":{"line":26,"column":0},"end":{"line":26,"column":14}},"7":{"start":{"line":28,"column":0},"end":{"line":28,"column":25}},"8":{"start":{"line":29,"column":0},"end":{"line":29,"column":26}},"9":{"start":{"line":30,"column":0},"end":{"line":30,"column":27}},"10":{"start":{"line":31,"column":0},"end":{"line":31,"column":21}},"11":{"start":{"line":32,"column":0},"end":{"line":32,"column":37}},"12":{"start":{"line":33,"column":0},"end":{"line":33,"column":28}},"13":{"start":{"line":34,"column":0},"end":{"line":34,"column":23}},"14":{"start":{"line":35,"column":0},"end":{"line":37,"column":3}},"15":{"start":{"line":36,"column":2},"end":{"line":36,"column":48}},"16":{"start":{"line":39,"column":0},"end":{"line":41,"column":3}},"17":{"start":{"line":40,"column":2},"end":{"line":40,"column":33}}},"fnMap":{"0":{"name":"(anonymous_0)","decl":{"start":{"line":35,"column":17},"end":{"line":35,"column":18}},"loc":{"start":{"line":35,"column":23},"end":{"line":37,"column":1}},"line":35},"1":{"name":"(anonymous_1)","decl":{"start":{"line":39,"column":13},"end":{"line":39,"column":14}},"loc":{"start":{"line":39,"column":27},"end":{"line":41,"column":1}},"line":39}},"branchMap":{},"s":{"0":1,"1":1,"2":1,"3":1,"4":1,"5":1,"6":1,"7":1,"8":1,"9":1,"10":1,"11":1,"12":1,"13":1,"14":1,"15":1,"16":1,"17":0},"f":{"0":1,"1":0},"b":{},"inputSourceMap":null,"_coverageSchema":"1a1c01bbd47fc00a2c39e90264f33305004495a9","hash":"f0683750c94dfa1eac0684b08320c1ad88463a7d"}
,"C:\\Users\\ragha\\Desktop\\KANUPRIYA\\Final Task 6\\controllers\\application.js": {"path":"C:\\Users\\ragha\\Desktop\\KANUPRIYA\\Final Task 6\\controllers\\application.js","statementMap":{"0":{"start":{"line":4,"column":2},"end":{"line":25,"column":3}},"1":{"start":{"line":5,"column":33},"end":{"line":7,"column":25}},"2":{"start":{"line":8,"column":33},"end":{"line":10,"column":25}},"3":{"start":{"line":11,"column":32},"end":{"line":13,"column":25}},"4":{"start":{"line":14,"column":38},"end":{"line":16,"column":25}},"5":{"start":{"line":17,"column":4},"end":{"line":22,"column":7}},"6":{"start":{"line":24,"column":4},"end":{"line":24,"column":51}},"7":{"start":{"line":29,"column":2},"end":{"line":38,"column":3}},"8":{"start":{"line":30,"column":25},"end":{"line":32,"column":25}},"9":{"start":{"line":34,"column":4},"end":{"line":34,"column":39}},"10":{"start":{"line":36,"column":4},"end":{"line":36,"column":65}},"11":{"start":{"line":37,"column":4},"end":{"line":37,"column":51}},"12":{"start":{"line":43,"column":43},"end":{"line":43,"column":51}},"13":{"start":{"line":44,"column":2},"end":{"line":55,"column":3}},"14":{"start":{"line":45,"column":24},"end":{"line":50,"column":6}},"15":{"start":{"line":51,"column":4},"end":{"line":51,"column":29}},"16":{"start":{"line":52,"column":4},"end":{"line":52,"column":38}},"17":{"start":{"line":54,"column":4},"end":{"line":54,"column":51}},"18":{"start":{"line":60,"column":2},"end":{"line":77,"column":3}},"19":{"start":{"line":61,"column":13},"end":{"line":61,"column":26}},"20":{"start":{"line":63,"column":23},"end":{"line":64,"column":9}},"21":{"start":{"line":66,"column":4},"end":{"line":68,"column":5}},"22":{"start":{"line":67,"column":6},"end":{"line":67,"column":72}},"23":{"start":{"line":70,"column":4},"end":{"line":72,"column":78}},"24":{"start":{"line":74,"column":4},"end":{"line":76,"column":79}}},"fnMap":{"0":{"name":"displayAllApplication","decl":{"start":{"line":3,"column":15},"end":{"line":3,"column":36}},"loc":{"start":{"line":3,"column":47},"end":{"line":26,"column":1}},"line":3},"1":{"name":"displayapplication","decl":{"start":{"line":28,"column":15},"end":{"line":28,"column":33}},"loc":{"start":{"line":28,"column":44},"end":{"line":39,"column":1}},"line":28},"2":{"name":"postapplication","decl":{"start":{"line":42,"column":15},"end":{"line":42,"column":30}},"loc":{"start":{"line":42,"column":41},"end":{"line":56,"column":1}},"line":42},"3":{"name":"deleteapplication","decl":{"start":{"line":59,"column":15},"end":{"line":59,"column":32}},"loc":{"start":{"line":59,"column":43},"end":{"line":78,"column":1}},"line":59}},"branchMap":{"0":{"loc":{"start":{"line":66,"column":4},"end":{"line":68,"column":5}},"type":"if","locations":[{"start":{"line":66,"column":4},"end":{"line":68,"column":5}},{"start":{},"end":{}}],"line":66}},"s":{"0":0,"1":0,"2":0,"3":0,"4":0,"5":0,"6":0,"7":0,"8":0,"9":0,"10":0,"11":0,"12":0,"13":0,"14":0,"15":0,"16":0,"17":0,"18":0,"19":0,"20":0,"21":0,"22":0,"23":0,"24":0},"f":{"0":0,"1":0,"2":0,"3":0},"b":{"0":[0,0]},"inputSourceMap":null,"_coverageSchema":"1a1c01bbd47fc00a2c39e90264f33305004495a9","hash":"ca851f25bebe9b0ab806348165e342c0121b2f0d"}
,"C:\\Users\\ragha\\Desktop\\KANUPRIYA\\Final Task 6\\controllers\\blog.js": {"path":"C:\\Users\\ragha\\Desktop\\KANUPRIYA\\Final Task 6\\controllers\\blog.js","statementMap":{"0":{"start":{"line":4,"column":2},"end":{"line":22,"column":3}},"1":{"start":{"line":5,"column":20},"end":{"line":5,"column":39}},"2":{"start":{"line":6,"column":21},"end":{"line":13,"column":6}},"3":{"start":{"line":7,"column":6},"end":{"line":11,"column":7}},"4":{"start":{"line":8,"column":8},"end":{"line":8,"column":75}},"5":{"start":{"line":9,"column":13},"end":{"line":11,"column":7}},"6":{"start":{"line":10,"column":8},"end":{"line":10,"column":76}},"7":{"start":{"line":12,"column":6},"end":{"line":12,"column":18}},"8":{"start":{"line":15,"column":27},"end":{"line":15,"column":54}},"9":{"start":{"line":17,"column":4},"end":{"line":17,"column":41}},"10":{"start":{"line":19,"column":4},"end":{"line":21,"column":70}},"11":{"start":{"line":26,"column":2},"end":{"line":41,"column":3}},"12":{"start":{"line":28,"column":6},"end":{"line":28,"column":14}},"13":{"start":{"line":29,"column":17},"end":{"line":36,"column":6}},"14":{"start":{"line":37,"column":4},"end":{"line":37,"column":22}},"15":{"start":{"line":38,"column":4},"end":{"line":38,"column":73}},"16":{"start":{"line":40,"column":4},"end":{"line":40,"column":64}},"17":{"start":{"line":45,"column":2},"end":{"line":62,"column":1}},"18":{"start":{"line":46,"column":19},"end":{"line":46,"column":32}},"19":{"start":{"line":47,"column":20},"end":{"line":47,"column":28}},"20":{"start":{"line":48,"column":24},"end":{"line":52,"column":5}},"21":{"start":{"line":54,"column":4},"end":{"line":56,"column":5}},"22":{"start":{"line":55,"column":8},"end":{"line":55,"column":67}},"23":{"start":{"line":59,"column":4},"end":{"line":59,"column":80}},"24":{"start":{"line":61,"column":4},"end":{"line":61,"column":85}},"25":{"start":{"line":66,"column":2},"end":{"line":80,"column":3}},"26":{"start":{"line":67,"column":19},"end":{"line":67,"column":32}},"27":{"start":{"line":68,"column":17},"end":{"line":68,"column":61}},"28":{"start":{"line":70,"column":4},"end":{"line":77,"column":5}},"29":{"start":{"line":71,"column":6},"end":{"line":74,"column":9}},"30":{"start":{"line":76,"column":6},"end":{"line":76,"column":56}},"31":{"start":{"line":79,"column":4},"end":{"line":79,"column":73}},"32":{"start":{"line":84,"column":2},"end":{"line":101,"column":3}},"33":{"start":{"line":85,"column":18},"end":{"line":85,"column":44}},"34":{"start":{"line":86,"column":18},"end":{"line":86,"column":59}},"35":{"start":{"line":87,"column":4},"end":{"line":87,"column":39}},"36":{"start":{"line":89,"column":4},"end":{"line":96,"column":5}},"37":{"start":{"line":90,"column":6},"end":{"line":93,"column":9}},"38":{"start":{"line":95,"column":6},"end":{"line":95,"column":78}},"39":{"start":{"line":98,"column":4},"end":{"line":100,"column":70}}},"fnMap":{"0":{"name":"displayblog","decl":{"start":{"line":3,"column":15},"end":{"line":3,"column":26}},"loc":{"start":{"line":3,"column":37},"end":{"line":23,"column":1}},"line":3},"1":{"name":"(anonymous_1)","decl":{"start":{"line":6,"column":33},"end":{"line":6,"column":34}},"loc":{"start":{"line":6,"column":49},"end":{"line":13,"column":5}},"line":6},"2":{"name":"postblog","decl":{"start":{"line":25,"column":15},"end":{"line":25,"column":23}},"loc":{"start":{"line":25,"column":34},"end":{"line":42,"column":1}},"line":25},"3":{"name":"updateblog","decl":{"start":{"line":44,"column":15},"end":{"line":44,"column":25}},"loc":{"start":{"line":44,"column":36},"end":{"line":64,"column":1}},"line":44},"4":{"name":"deleteblog","decl":{"start":{"line":65,"column":15},"end":{"line":65,"column":25}},"loc":{"start":{"line":65,"column":36},"end":{"line":81,"column":1}},"line":65},"5":{"name":"displaybytags","decl":{"start":{"line":83,"column":15},"end":{"line":83,"column":28}},"loc":{"start":{"line":83,"column":39},"end":{"line":102,"column":1}},"line":83}},"branchMap":{"0":{"loc":{"start":{"line":7,"column":6},"end":{"line":11,"column":7}},"type":"if","locations":[{"start":{"line":7,"column":6},"end":{"line":11,"column":7}},{"start":{"line":9,"column":13},"end":{"line":11,"column":7}}],"line":7},"1":{"loc":{"start":{"line":9,"column":13},"end":{"line":11,"column":7}},"type":"if","locations":[{"start":{"line":9,"column":13},"end":{"line":11,"column":7}},{"start":{},"end":{}}],"line":9},"2":{"loc":{"start":{"line":54,"column":4},"end":{"line":56,"column":5}},"type":"if","locations":[{"start":{"line":54,"column":4},"end":{"line":56,"column":5}},{"start":{},"end":{}}],"line":54},"3":{"loc":{"start":{"line":70,"column":4},"end":{"line":77,"column":5}},"type":"if","locations":[{"start":{"line":70,"column":4},"end":{"line":77,"column":5}},{"start":{"line":75,"column":11},"end":{"line":77,"column":5}}],"line":70},"4":{"loc":{"start":{"line":89,"column":4},"end":{"line":96,"column":5}},"type":"if","locations":[{"start":{"line":89,"column":4},"end":{"line":96,"column":5}},{"start":{"line":94,"column":11},"end":{"line":96,"column":5}}],"line":89},"5":{"loc":{"start":{"line":100,"column":48},"end":{"line":100,"column":66}},"type":"binary-expr","locations":[{"start":{"line":100,"column":48},"end":{"line":100,"column":59}},{"start":{"line":100,"column":63},"end":{"line":100,"column":66}}],"line":100}},"s":{"0":0,"1":0,"2":0,"3":0,"4":0,"5":0,"6":0,"7":0,"8":0,"9":0,"10":0,"11":0,"12":0,"13":0,"14":0,"15":0,"16":0,"17":0,"18":0,"19":0,"20":0,"21":0,"22":0,"23":0,"24":0,"25":0,"26":0,"27":0,"28":0,"29":0,"30":0,"31":0,"32":0,"33":0,"34":0,"35":0,"36":0,"37":0,"38":0,"39":0},"f":{"0":0,"1":0,"2":0,"3":0,"4":0,"5":0},"b":{"0":[0,0],"1":[0,0],"2":[0,0],"3":[0,0],"4":[0,0],"5":[0,0]},"inputSourceMap":null,"_coverageSchema":"1a1c01bbd47fc00a2c39e90264f33305004495a9","hash":"b4a650bdab5520ae5d17c0ed9195a925c3560c19"}
,"C:\\Users\\ragha\\Desktop\\KANUPRIYA\\Final Task 6\\controllers\\company.js": {"path":"C:\\Users\\ragha\\Desktop\\KANUPRIYA\\Final Task 6\\controllers\\company.js","statementMap":{"0":{"start":{"line":5,"column":2},"end":{"line":16,"column":3}},"1":{"start":{"line":6,"column":20},"end":{"line":9,"column":6}},"2":{"start":{"line":11,"column":4},"end":{"line":11,"column":34}},"3":{"start":{"line":13,"column":4},"end":{"line":15,"column":74}},"4":{"start":{"line":20,"column":2},"end":{"line":33,"column":3}},"5":{"start":{"line":21,"column":65},"end":{"line":21,"column":73}},"6":{"start":{"line":22,"column":20},"end":{"line":28,"column":6}},"7":{"start":{"line":29,"column":4},"end":{"line":29,"column":25}},"8":{"start":{"line":30,"column":4},"end":{"line":30,"column":79}},"9":{"start":{"line":32,"column":4},"end":{"line":32,"column":64}},"10":{"start":{"line":36,"column":2},"end":{"line":56,"column":3}},"11":{"start":{"line":37,"column":22},"end":{"line":37,"column":35}},"12":{"start":{"line":38,"column":20},"end":{"line":38,"column":28}},"13":{"start":{"line":39,"column":24},"end":{"line":44,"column":5}},"14":{"start":{"line":45,"column":4},"end":{"line":47,"column":5}},"15":{"start":{"line":46,"column":6},"end":{"line":46,"column":68}},"16":{"start":{"line":49,"column":4},"end":{"line":51,"column":70}},"17":{"start":{"line":53,"column":4},"end":{"line":55,"column":75}},"18":{"start":{"line":60,"column":2},"end":{"line":74,"column":3}},"19":{"start":{"line":61,"column":22},"end":{"line":61,"column":35}},"20":{"start":{"line":62,"column":27},"end":{"line":62,"column":77}},"21":{"start":{"line":64,"column":4},"end":{"line":71,"column":5}},"22":{"start":{"line":65,"column":6},"end":{"line":68,"column":9}},"23":{"start":{"line":70,"column":6},"end":{"line":70,"column":59}},"24":{"start":{"line":73,"column":4},"end":{"line":73,"column":84}},"25":{"start":{"line":77,"column":23},"end":{"line":94,"column":1}},"26":{"start":{"line":78,"column":2},"end":{"line":93,"column":3}},"27":{"start":{"line":79,"column":22},"end":{"line":79,"column":35}},"28":{"start":{"line":80,"column":20},"end":{"line":83,"column":5}},"29":{"start":{"line":84,"column":4},"end":{"line":88,"column":5}},"30":{"start":{"line":85,"column":6},"end":{"line":87,"column":66}},"31":{"start":{"line":89,"column":4},"end":{"line":89,"column":52}},"32":{"start":{"line":91,"column":4},"end":{"line":91,"column":38}},"33":{"start":{"line":92,"column":4},"end":{"line":92,"column":61}},"34":{"start":{"line":96,"column":24},"end":{"line":119,"column":1}},"35":{"start":{"line":97,"column":2},"end":{"line":118,"column":3}},"36":{"start":{"line":98,"column":38},"end":{"line":98,"column":46}},"37":{"start":{"line":100,"column":22},"end":{"line":100,"column":60}},"38":{"start":{"line":101,"column":20},"end":{"line":101,"column":53}},"39":{"start":{"line":102,"column":4},"end":{"line":106,"column":5}},"40":{"start":{"line":103,"column":6},"end":{"line":105,"column":61}},"41":{"start":{"line":107,"column":4},"end":{"line":107,"column":41}},"42":{"start":{"line":108,"column":4},"end":{"line":108,"column":30}},"43":{"start":{"line":110,"column":4},"end":{"line":110,"column":27}},"44":{"start":{"line":111,"column":4},"end":{"line":111,"column":25}},"45":{"start":{"line":112,"column":4},"end":{"line":114,"column":63}},"46":{"start":{"line":116,"column":4},"end":{"line":116,"column":38}},"47":{"start":{"line":117,"column":4},"end":{"line":117,"column":61}},"48":{"start":{"line":121,"column":21},"end":{"line":143,"column":1}},"49":{"start":{"line":122,"column":2},"end":{"line":142,"column":3}},"50":{"start":{"line":123,"column":38},"end":{"line":123,"column":46}},"51":{"start":{"line":124,"column":22},"end":{"line":124,"column":60}},"52":{"start":{"line":125,"column":20},"end":{"line":125,"column":53}},"53":{"start":{"line":126,"column":4},"end":{"line":130,"column":5}},"54":{"start":{"line":127,"column":6},"end":{"line":129,"column":61}},"55":{"start":{"line":131,"column":4},"end":{"line":131,"column":41}},"56":{"start":{"line":133,"column":4},"end":{"line":133,"column":37}},"57":{"start":{"line":134,"column":4},"end":{"line":134,"column":27}},"58":{"start":{"line":135,"column":4},"end":{"line":135,"column":25}},"59":{"start":{"line":136,"column":4},"end":{"line":138,"column":61}},"60":{"start":{"line":140,"column":4},"end":{"line":140,"column":38}},"61":{"start":{"line":141,"column":4},"end":{"line":141,"column":61}}},"fnMap":{"0":{"name":"displayComp","decl":{"start":{"line":4,"column":15},"end":{"line":4,"column":26}},"loc":{"start":{"line":4,"column":37},"end":{"line":17,"column":1}},"line":4},"1":{"name":"postComp","decl":{"start":{"line":19,"column":15},"end":{"line":19,"column":23}},"loc":{"start":{"line":19,"column":34},"end":{"line":34,"column":1}},"line":19},"2":{"name":"updateComp","decl":{"start":{"line":35,"column":15},"end":{"line":35,"column":25}},"loc":{"start":{"line":35,"column":36},"end":{"line":57,"column":1}},"line":35},"3":{"name":"deleteComp","decl":{"start":{"line":59,"column":15},"end":{"line":59,"column":25}},"loc":{"start":{"line":59,"column":36},"end":{"line":75,"column":1}},"line":59},"4":{"name":"(anonymous_4)","decl":{"start":{"line":77,"column":23},"end":{"line":77,"column":24}},"loc":{"start":{"line":77,"column":43},"end":{"line":94,"column":1}},"line":77},"5":{"name":"(anonymous_5)","decl":{"start":{"line":96,"column":24},"end":{"line":96,"column":25}},"loc":{"start":{"line":96,"column":44},"end":{"line":119,"column":1}},"line":96},"6":{"name":"(anonymous_6)","decl":{"start":{"line":121,"column":21},"end":{"line":121,"column":22}},"loc":{"start":{"line":121,"column":41},"end":{"line":143,"column":1}},"line":121}},"branchMap":{"0":{"loc":{"start":{"line":45,"column":4},"end":{"line":47,"column":5}},"type":"if","locations":[{"start":{"line":45,"column":4},"end":{"line":47,"column":5}},{"start":{},"end":{}}],"line":45},"1":{"loc":{"start":{"line":64,"column":4},"end":{"line":71,"column":5}},"type":"if","locations":[{"start":{"line":64,"column":4},"end":{"line":71,"column":5}},{"start":{"line":69,"column":11},"end":{"line":71,"column":5}}],"line":64},"2":{"loc":{"start":{"line":84,"column":4},"end":{"line":88,"column":5}},"type":"if","locations":[{"start":{"line":84,"column":4},"end":{"line":88,"column":5}},{"start":{},"end":{}}],"line":84},"3":{"loc":{"start":{"line":102,"column":4},"end":{"line":106,"column":5}},"type":"if","locations":[{"start":{"line":102,"column":4},"end":{"line":106,"column":5}},{"start":{},"end":{}}],"line":102},"4":{"loc":{"start":{"line":126,"column":4},"end":{"line":130,"column":5}},"type":"if","locations":[{"start":{"line":126,"column":4},"end":{"line":130,"column":5}},{"start":{},"end":{}}],"line":126}},"s":{"0":0,"1":0,"2":0,"3":0,"4":0,"5":0,"6":0,"7":0,"8":0,"9":0,"10":0,"11":0,"12":0,"13":0,"14":0,"15":0,"16":0,"17":0,"18":0,"19":0,"20":0,"21":0,"22":0,"23":0,"24":0,"25":1,"26":0,"27":0,"28":0,"29":0,"30":0,"31":0,"32":0,"33":0,"34":1,"35":0,"36":0,"37":0,"38":0,"39":0,"40":0,"41":0,"42":0,"43":0,"44":0,"45":0,"46":0,"47":0,"48":1,"49":0,"50":0,"51":0,"52":0,"53":0,"54":0,"55":0,"56":0,"57":0,"58":0,"59":0,"60":0,"61":0},"f":{"0":0,"1":0,"2":0,"3":0,"4":0,"5":0,"6":0},"b":{"0":[0,0],"1":[0,0],"2":[0,0],"3":[0,0],"4":[0,0]},"inputSourceMap":null,"_coverageSchema":"1a1c01bbd47fc00a2c39e90264f33305004495a9","hash":"2f81b301cbe915b40226d7e30f128dd3a721e0ad"}
,"C:\\Users\\ragha\\Desktop\\KANUPRIYA\\Final Task 6\\controllers\\follow.js": {"path":"C:\\Users\\ragha\\Desktop\\KANUPRIYA\\Final Task 6\\controllers\\follow.js","statementMap":{"0":{"start":{"line":4,"column":2},"end":{"line":30,"column":3}},"1":{"start":{"line":5,"column":23},"end":{"line":5,"column":68}},"2":{"start":{"line":7,"column":21},"end":{"line":20,"column":6}},"3":{"start":{"line":8,"column":6},"end":{"line":18,"column":7}},"4":{"start":{"line":9,"column":8},"end":{"line":12,"column":11}},"5":{"start":{"line":13,"column":13},"end":{"line":18,"column":7}},"6":{"start":{"line":14,"column":8},"end":{"line":17,"column":11}},"7":{"start":{"line":19,"column":6},"end":{"line":19,"column":20}},"8":{"start":{"line":22,"column":12},"end":{"line":22,"column":39}},"9":{"start":{"line":24,"column":2},"end":{"line":24,"column":72}},"10":{"start":{"line":27,"column":4},"end":{"line":29,"column":72}},"11":{"start":{"line":34,"column":2},"end":{"line":51,"column":3}},"12":{"start":{"line":35,"column":56},"end":{"line":35,"column":64}},"13":{"start":{"line":36,"column":22},"end":{"line":41,"column":6}},"14":{"start":{"line":43,"column":4},"end":{"line":43,"column":27}},"15":{"start":{"line":44,"column":4},"end":{"line":46,"column":75}},"16":{"start":{"line":48,"column":4},"end":{"line":50,"column":74}},"17":{"start":{"line":55,"column":22},"end":{"line":55,"column":35}},"18":{"start":{"line":56,"column":2},"end":{"line":67,"column":3}},"19":{"start":{"line":57,"column":4},"end":{"line":57,"column":48}},"20":{"start":{"line":58,"column":4},"end":{"line":61,"column":7}},"21":{"start":{"line":62,"column":4},"end":{"line":62,"column":65}},"22":{"start":{"line":64,"column":4},"end":{"line":66,"column":69}},"23":{"start":{"line":71,"column":17},"end":{"line":71,"column":30}},"24":{"start":{"line":72,"column":2},"end":{"line":83,"column":3}},"25":{"start":{"line":73,"column":22},"end":{"line":76,"column":6}},"26":{"start":{"line":77,"column":17},"end":{"line":77,"column":71}},"27":{"start":{"line":77,"column":45},"end":{"line":77,"column":70}},"28":{"start":{"line":78,"column":4},"end":{"line":78,"column":60}},"29":{"start":{"line":80,"column":4},"end":{"line":82,"column":79}},"30":{"start":{"line":87,"column":2},"end":{"line":118,"column":3}},"31":{"start":{"line":88,"column":22},"end":{"line":88,"column":75}},"32":{"start":{"line":89,"column":21},"end":{"line":102,"column":6}},"33":{"start":{"line":90,"column":6},"end":{"line":100,"column":7}},"34":{"start":{"line":91,"column":8},"end":{"line":94,"column":11}},"35":{"start":{"line":95,"column":13},"end":{"line":100,"column":7}},"36":{"start":{"line":96,"column":8},"end":{"line":99,"column":11}},"37":{"start":{"line":101,"column":6},"end":{"line":101,"column":20}},"38":{"start":{"line":103,"column":31},"end":{"line":103,"column":58}},"39":{"start":{"line":105,"column":18},"end":{"line":111,"column":6}},"40":{"start":{"line":106,"column":24},"end":{"line":106,"column":43}},"41":{"start":{"line":107,"column":6},"end":{"line":109,"column":7}},"42":{"start":{"line":108,"column":8},"end":{"line":108,"column":30}},"43":{"start":{"line":110,"column":6},"end":{"line":110,"column":18}},"44":{"start":{"line":113,"column":4},"end":{"line":113,"column":61}},"45":{"start":{"line":115,"column":4},"end":{"line":117,"column":79}},"46":{"start":{"line":122,"column":2},"end":{"line":135,"column":3}},"47":{"start":{"line":123,"column":27},"end":{"line":131,"column":6}},"48":{"start":{"line":132,"column":4},"end":{"line":132,"column":69}},"49":{"start":{"line":134,"column":4},"end":{"line":134,"column":51}}},"fnMap":{"0":{"name":"displayfollow","decl":{"start":{"line":3,"column":15},"end":{"line":3,"column":28}},"loc":{"start":{"line":3,"column":39},"end":{"line":31,"column":1}},"line":3},"1":{"name":"(anonymous_1)","decl":{"start":{"line":7,"column":36},"end":{"line":7,"column":37}},"loc":{"start":{"line":7,"column":54},"end":{"line":20,"column":5}},"line":7},"2":{"name":"postfollow","decl":{"start":{"line":33,"column":15},"end":{"line":33,"column":25}},"loc":{"start":{"line":33,"column":36},"end":{"line":52,"column":1}},"line":33},"3":{"name":"deletefollow","decl":{"start":{"line":54,"column":15},"end":{"line":54,"column":27}},"loc":{"start":{"line":54,"column":38},"end":{"line":68,"column":1}},"line":54},"4":{"name":"getFollowers","decl":{"start":{"line":70,"column":15},"end":{"line":70,"column":27}},"loc":{"start":{"line":70,"column":38},"end":{"line":84,"column":1}},"line":70},"5":{"name":"(anonymous_5)","decl":{"start":{"line":77,"column":31},"end":{"line":77,"column":32}},"loc":{"start":{"line":77,"column":45},"end":{"line":77,"column":70}},"line":77},"6":{"name":"getFollowing","decl":{"start":{"line":86,"column":15},"end":{"line":86,"column":27}},"loc":{"start":{"line":86,"column":38},"end":{"line":119,"column":1}},"line":86},"7":{"name":"(anonymous_7)","decl":{"start":{"line":89,"column":35},"end":{"line":89,"column":36}},"loc":{"start":{"line":89,"column":53},"end":{"line":102,"column":5}},"line":89},"8":{"name":"(anonymous_8)","decl":{"start":{"line":105,"column":41},"end":{"line":105,"column":42}},"loc":{"start":{"line":105,"column":53},"end":{"line":111,"column":5}},"line":105},"9":{"name":"getCompanyFollowerCounts","decl":{"start":{"line":121,"column":15},"end":{"line":121,"column":39}},"loc":{"start":{"line":121,"column":50},"end":{"line":136,"column":1}},"line":121}},"branchMap":{"0":{"loc":{"start":{"line":8,"column":6},"end":{"line":18,"column":7}},"type":"if","locations":[{"start":{"line":8,"column":6},"end":{"line":18,"column":7}},{"start":{"line":13,"column":13},"end":{"line":18,"column":7}}],"line":8},"1":{"loc":{"start":{"line":13,"column":13},"end":{"line":18,"column":7}},"type":"if","locations":[{"start":{"line":13,"column":13},"end":{"line":18,"column":7}},{"start":{},"end":{}}],"line":13},"2":{"loc":{"start":{"line":90,"column":6},"end":{"line":100,"column":7}},"type":"if","locations":[{"start":{"line":90,"column":6},"end":{"line":100,"column":7}},{"start":{"line":95,"column":13},"end":{"line":100,"column":7}}],"line":90},"3":{"loc":{"start":{"line":95,"column":13},"end":{"line":100,"column":7}},"type":"if","locations":[{"start":{"line":95,"column":13},"end":{"line":100,"column":7}},{"start":{},"end":{}}],"line":95},"4":{"loc":{"start":{"line":107,"column":6},"end":{"line":109,"column":7}},"type":"if","locations":[{"start":{"line":107,"column":6},"end":{"line":109,"column":7}},{"start":{},"end":{}}],"line":107}},"s":{"0":0,"1":0,"2":0,"3":0,"4":0,"5":0,"6":0,"7":0,"8":0,"9":0,"10":0,"11":0,"12":0,"13":0,"14":0,"15":0,"16":0,"17":0,"18":0,"19":0,"20":0,"21":0,"22":0,"23":0,"24":0,"25":0,"26":0,"27":0,"28":0,"29":0,"30":0,"31":0,"32":0,"33":0,"34":0,"35":0,"36":0,"37":0,"38":0,"39":0,"40":0,"41":0,"42":0,"43":0,"44":0,"45":0,"46":0,"47":0,"48":0,"49":0},"f":{"0":0,"1":0,"2":0,"3":0,"4":0,"5":0,"6":0,"7":0,"8":0,"9":0},"b":{"0":[0,0],"1":[0,0],"2":[0,0],"3":[0,0],"4":[0,0]},"inputSourceMap":null,"_coverageSchema":"1a1c01bbd47fc00a2c39e90264f33305004495a9","hash":"8ea2f5f4e34a5a4839a3fb9fddab8ea932f12f07"}
,"C:\\Users\\ragha\\Desktop\\KANUPRIYA\\Final Task 6\\controllers\\job.js": {"path":"C:\\Users\\ragha\\Desktop\\KANUPRIYA\\Final Task 6\\controllers\\job.js","statementMap":{"0":{"start":{"line":5,"column":2},"end":{"line":13,"column":3}},"1":{"start":{"line":6,"column":20},"end":{"line":8,"column":55}},"2":{"start":{"line":10,"column":4},"end":{"line":10,"column":34}},"3":{"start":{"line":12,"column":4},"end":{"line":12,"column":82}},"4":{"start":{"line":17,"column":4},"end":{"line":36,"column":5}},"5":{"start":{"line":18,"column":87},"end":{"line":18,"column":95}},"6":{"start":{"line":21,"column":23},"end":{"line":30,"column":10}},"7":{"start":{"line":32,"column":8},"end":{"line":32,"column":28}},"8":{"start":{"line":33,"column":8},"end":{"line":33,"column":83}},"9":{"start":{"line":35,"column":8},"end":{"line":35,"column":88}},"10":{"start":{"line":42,"column":4},"end":{"line":55,"column":5}},"11":{"start":{"line":43,"column":22},"end":{"line":43,"column":35}},"12":{"start":{"line":44,"column":24},"end":{"line":44,"column":32}},"13":{"start":{"line":46,"column":27},"end":{"line":46,"column":104}},"14":{"start":{"line":48,"column":8},"end":{"line":50,"column":9}},"15":{"start":{"line":49,"column":12},"end":{"line":49,"column":70}},"16":{"start":{"line":52,"column":8},"end":{"line":52,"column":87}},"17":{"start":{"line":54,"column":8},"end":{"line":54,"column":88}},"18":{"start":{"line":60,"column":4},"end":{"line":72,"column":5}},"19":{"start":{"line":61,"column":22},"end":{"line":61,"column":35}},"20":{"start":{"line":63,"column":27},"end":{"line":63,"column":61}},"21":{"start":{"line":65,"column":8},"end":{"line":67,"column":9}},"22":{"start":{"line":66,"column":12},"end":{"line":66,"column":70}},"23":{"start":{"line":69,"column":8},"end":{"line":69,"column":87}},"24":{"start":{"line":71,"column":8},"end":{"line":71,"column":88}},"25":{"start":{"line":75,"column":30},"end":{"line":101,"column":3}},"26":{"start":{"line":76,"column":4},"end":{"line":100,"column":5}},"27":{"start":{"line":77,"column":28},"end":{"line":77,"column":41}},"28":{"start":{"line":80,"column":26},"end":{"line":82,"column":8}},"29":{"start":{"line":85,"column":6},"end":{"line":87,"column":7}},"30":{"start":{"line":86,"column":8},"end":{"line":86,"column":74}},"31":{"start":{"line":90,"column":6},"end":{"line":90,"column":41}},"32":{"start":{"line":91,"column":6},"end":{"line":91,"column":31}},"33":{"start":{"line":94,"column":6},"end":{"line":96,"column":78}},"34":{"start":{"line":98,"column":6},"end":{"line":98,"column":58}},"35":{"start":{"line":99,"column":6},"end":{"line":99,"column":83}}},"fnMap":{"0":{"name":"displayjob","decl":{"start":{"line":4,"column":15},"end":{"line":4,"column":25}},"loc":{"start":{"line":4,"column":36},"end":{"line":14,"column":1}},"line":4},"1":{"name":"postjob","decl":{"start":{"line":16,"column":15},"end":{"line":16,"column":22}},"loc":{"start":{"line":16,"column":33},"end":{"line":37,"column":1}},"line":16},"2":{"name":"updatejob","decl":{"start":{"line":41,"column":17},"end":{"line":41,"column":26}},"loc":{"start":{"line":41,"column":37},"end":{"line":56,"column":3}},"line":41},"3":{"name":"deletejob","decl":{"start":{"line":59,"column":17},"end":{"line":59,"column":26}},"loc":{"start":{"line":59,"column":37},"end":{"line":73,"column":3}},"line":59},"4":{"name":"(anonymous_4)","decl":{"start":{"line":75,"column":30},"end":{"line":75,"column":31}},"loc":{"start":{"line":75,"column":50},"end":{"line":101,"column":3}},"line":75}},"branchMap":{"0":{"loc":{"start":{"line":48,"column":8},"end":{"line":50,"column":9}},"type":"if","locations":[{"start":{"line":48,"column":8},"end":{"line":50,"column":9}},{"start":{},"end":{}}],"line":48},"1":{"loc":{"start":{"line":65,"column":8},"end":{"line":67,"column":9}},"type":"if","locations":[{"start":{"line":65,"column":8},"end":{"line":67,"column":9}},{"start":{},"end":{}}],"line":65},"2":{"loc":{"start":{"line":85,"column":6},"end":{"line":87,"column":7}},"type":"if","locations":[{"start":{"line":85,"column":6},"end":{"line":87,"column":7}},{"start":{},"end":{}}],"line":85}},"s":{"0":0,"1":0,"2":0,"3":0,"4":0,"5":0,"6":0,"7":0,"8":0,"9":0,"10":0,"11":0,"12":0,"13":0,"14":0,"15":0,"16":0,"17":0,"18":0,"19":0,"20":0,"21":0,"22":0,"23":0,"24":0,"25":1,"26":0,"27":0,"28":0,"29":0,"30":0,"31":0,"32":0,"33":0,"34":0,"35":0},"f":{"0":0,"1":0,"2":0,"3":0,"4":0},"b":{"0":[0,0],"1":[0,0],"2":[0,0]},"inputSourceMap":null,"_coverageSchema":"1a1c01bbd47fc00a2c39e90264f33305004495a9","hash":"614802ad683440be7ac4326349143f0b0b817a87"}
,"C:\\Users\\ragha\\Desktop\\KANUPRIYA\\Final Task 6\\controllers\\recruiter.js": {"path":"C:\\Users\\ragha\\Desktop\\KANUPRIYA\\Final Task 6\\controllers\\recruiter.js","statementMap":{"0":{"start":{"line":4,"column":16},"end":{"line":4,"column":37}},"1":{"start":{"line":7,"column":2},"end":{"line":18,"column":3}},"2":{"start":{"line":8,"column":19},"end":{"line":11,"column":6}},"3":{"start":{"line":13,"column":4},"end":{"line":13,"column":72}},"4":{"start":{"line":15,"column":4},"end":{"line":17,"column":75}},"5":{"start":{"line":22,"column":2},"end":{"line":59,"column":3}},"6":{"start":{"line":31,"column":8},"end":{"line":31,"column":16}},"7":{"start":{"line":32,"column":4},"end":{"line":34,"column":5}},"8":{"start":{"line":33,"column":6},"end":{"line":33,"column":56}},"9":{"start":{"line":36,"column":4},"end":{"line":38,"column":5}},"10":{"start":{"line":37,"column":6},"end":{"line":37,"column":60}},"11":{"start":{"line":40,"column":27},"end":{"line":40,"column":58}},"12":{"start":{"line":42,"column":19},"end":{"line":50,"column":6}},"13":{"start":{"line":52,"column":4},"end":{"line":52,"column":24}},"14":{"start":{"line":54,"column":4},"end":{"line":54,"column":80}},"15":{"start":{"line":56,"column":4},"end":{"line":58,"column":80}},"16":{"start":{"line":63,"column":2},"end":{"line":90,"column":3}},"17":{"start":{"line":64,"column":32},"end":{"line":64,"column":40}},"18":{"start":{"line":65,"column":4},"end":{"line":69,"column":5}},"19":{"start":{"line":66,"column":6},"end":{"line":68,"column":62}},"20":{"start":{"line":70,"column":24},"end":{"line":70,"column":59}},"21":{"start":{"line":71,"column":4},"end":{"line":73,"column":5}},"22":{"start":{"line":72,"column":6},"end":{"line":72,"column":76}},"23":{"start":{"line":74,"column":20},"end":{"line":74,"column":72}},"24":{"start":{"line":75,"column":4},"end":{"line":77,"column":5}},"25":{"start":{"line":76,"column":6},"end":{"line":76,"column":76}},"26":{"start":{"line":78,"column":18},"end":{"line":84,"column":5}},"27":{"start":{"line":85,"column":4},"end":{"line":85,"column":72}},"28":{"start":{"line":87,"column":4},"end":{"line":89,"column":70}},"29":{"start":{"line":94,"column":2},"end":{"line":114,"column":3}},"30":{"start":{"line":95,"column":18},"end":{"line":95,"column":35}},"31":{"start":{"line":96,"column":20},"end":{"line":96,"column":28}},"32":{"start":{"line":98,"column":23},"end":{"line":103,"column":5}},"33":{"start":{"line":105,"column":4},"end":{"line":107,"column":5}},"34":{"start":{"line":106,"column":6},"end":{"line":106,"column":72}},"35":{"start":{"line":109,"column":4},"end":{"line":111,"column":73}},"36":{"start":{"line":113,"column":4},"end":{"line":113,"column":75}},"37":{"start":{"line":118,"column":2},"end":{"line":132,"column":3}},"38":{"start":{"line":119,"column":18},"end":{"line":119,"column":35}},"39":{"start":{"line":120,"column":16},"end":{"line":120,"column":65}},"40":{"start":{"line":122,"column":4},"end":{"line":129,"column":5}},"41":{"start":{"line":123,"column":6},"end":{"line":126,"column":9}},"42":{"start":{"line":128,"column":6},"end":{"line":128,"column":63}},"43":{"start":{"line":131,"column":4},"end":{"line":131,"column":71}}},"fnMap":{"0":{"name":"displayRec","decl":{"start":{"line":6,"column":15},"end":{"line":6,"column":25}},"loc":{"start":{"line":6,"column":36},"end":{"line":19,"column":1}},"line":6},"1":{"name":"postRec","decl":{"start":{"line":21,"column":15},"end":{"line":21,"column":22}},"loc":{"start":{"line":21,"column":33},"end":{"line":60,"column":1}},"line":21},"2":{"name":"loginRec","decl":{"start":{"line":62,"column":15},"end":{"line":62,"column":23}},"loc":{"start":{"line":62,"column":34},"end":{"line":91,"column":1}},"line":62},"3":{"name":"updateRec","decl":{"start":{"line":93,"column":15},"end":{"line":93,"column":24}},"loc":{"start":{"line":93,"column":35},"end":{"line":115,"column":1}},"line":93},"4":{"name":"deleteRec","decl":{"start":{"line":117,"column":15},"end":{"line":117,"column":24}},"loc":{"start":{"line":117,"column":35},"end":{"line":133,"column":1}},"line":117}},"branchMap":{"0":{"loc":{"start":{"line":32,"column":4},"end":{"line":34,"column":5}},"type":"if","locations":[{"start":{"line":32,"column":4},"end":{"line":34,"column":5}},{"start":{},"end":{}}],"line":32},"1":{"loc":{"start":{"line":36,"column":4},"end":{"line":38,"column":5}},"type":"if","locations":[{"start":{"line":36,"column":4},"end":{"line":38,"column":5}},{"start":{},"end":{}}],"line":36},"2":{"loc":{"start":{"line":65,"column":4},"end":{"line":69,"column":5}},"type":"if","locations":[{"start":{"line":65,"column":4},"end":{"line":69,"column":5}},{"start":{},"end":{}}],"line":65},"3":{"loc":{"start":{"line":65,"column":8},"end":{"line":65,"column":27}},"type":"binary-expr","locations":[{"start":{"line":65,"column":8},"end":{"line":65,"column":14}},{"start":{"line":65,"column":18},"end":{"line":65,"column":27}}],"line":65},"4":{"loc":{"start":{"line":71,"column":4},"end":{"line":73,"column":5}},"type":"if","locations":[{"start":{"line":71,"column":4},"end":{"line":73,"column":5}},{"start":{},"end":{}}],"line":71},"5":{"loc":{"start":{"line":75,"column":4},"end":{"line":77,"column":5}},"type":"if","locations":[{"start":{"line":75,"column":4},"end":{"line":77,"column":5}},{"start":{},"end":{}}],"line":75},"6":{"loc":{"start":{"line":105,"column":4},"end":{"line":107,"column":5}},"type":"if","locations":[{"start":{"line":105,"column":4},"end":{"line":107,"column":5}},{"start":{},"end":{}}],"line":105},"7":{"loc":{"start":{"line":122,"column":4},"end":{"line":129,"column":5}},"type":"if","locations":[{"start":{"line":122,"column":4},"end":{"line":129,"column":5}},{"start":{"line":127,"column":11},"end":{"line":129,"column":5}}],"line":122}},"s":{"0":1,"1":1,"2":1,"3":1,"4":0,"5":1,"6":1,"7":1,"8":0,"9":1,"10":0,"11":1,"12":1,"13":1,"14":1,"15":0,"16":1,"17":1,"18":1,"19":0,"20":1,"21":1,"22":0,"23":1,"24":1,"25":0,"26":1,"27":1,"28":0,"29":1,"30":1,"31":1,"32":1,"33":1,"34":0,"35":1,"36":0,"37":1,"38":1,"39":1,"40":1,"41":1,"42":0,"43":0},"f":{"0":1,"1":1,"2":1,"3":1,"4":1},"b":{"0":[0,1],"1":[0,1],"2":[0,1],"3":[1,1],"4":[0,1],"5":[0,1],"6":[0,1],"7":[1,0]},"inputSourceMap":null,"_coverageSchema":"1a1c01bbd47fc00a2c39e90264f33305004495a9","hash":"d66b803d62e0f169af1262fcf989fe1179971ee3"}
,"C:\\Users\\ragha\\Desktop\\KANUPRIYA\\Final Task 6\\controllers\\user.js": {"path":"C:\\Users\\ragha\\Desktop\\KANUPRIYA\\Final Task 6\\controllers\\user.js","statementMap":{"0":{"start":{"line":3,"column":0},"end":{"line":3,"column":16}},"1":{"start":{"line":9,"column":16},"end":{"line":9,"column":37}},"2":{"start":{"line":12,"column":2},"end":{"line":70,"column":3}},"3":{"start":{"line":13,"column":55},"end":{"line":13,"column":63}},"4":{"start":{"line":16,"column":4},"end":{"line":18,"column":5}},"5":{"start":{"line":17,"column":6},"end":{"line":17,"column":60}},"6":{"start":{"line":21,"column":4},"end":{"line":34,"column":5}},"7":{"start":{"line":22,"column":31},"end":{"line":22,"column":57}},"8":{"start":{"line":23,"column":31},"end":{"line":23,"column":77}},"9":{"start":{"line":25,"column":6},"end":{"line":33,"column":7}},"10":{"start":{"line":26,"column":35},"end":{"line":29,"column":10}},"11":{"start":{"line":30,"column":8},"end":{"line":30,"column":54}},"12":{"start":{"line":32,"column":8},"end":{"line":32,"column":102}},"13":{"start":{"line":37,"column":4},"end":{"line":50,"column":5}},"14":{"start":{"line":38,"column":25},"end":{"line":38,"column":44}},"15":{"start":{"line":39,"column":29},"end":{"line":39,"column":69}},"16":{"start":{"line":41,"column":6},"end":{"line":49,"column":7}},"17":{"start":{"line":42,"column":29},"end":{"line":45,"column":10}},"18":{"start":{"line":46,"column":8},"end":{"line":46,"column":41}},"19":{"start":{"line":48,"column":8},"end":{"line":48,"column":95}},"20":{"start":{"line":52,"column":27},"end":{"line":52,"column":58}},"21":{"start":{"line":54,"column":22},"end":{"line":62,"column":6}},"22":{"start":{"line":64,"column":4},"end":{"line":64,"column":27}},"23":{"start":{"line":65,"column":4},"end":{"line":65,"column":86}},"24":{"start":{"line":68,"column":4},"end":{"line":68,"column":35}},"25":{"start":{"line":69,"column":4},"end":{"line":69,"column":88}},"26":{"start":{"line":75,"column":2},"end":{"line":121,"column":3}},"27":{"start":{"line":76,"column":32},"end":{"line":76,"column":40}},"28":{"start":{"line":77,"column":4},"end":{"line":81,"column":5}},"29":{"start":{"line":78,"column":6},"end":{"line":80,"column":62}},"30":{"start":{"line":83,"column":24},"end":{"line":83,"column":55}},"31":{"start":{"line":84,"column":4},"end":{"line":86,"column":5}},"32":{"start":{"line":85,"column":6},"end":{"line":85,"column":76}},"33":{"start":{"line":87,"column":20},"end":{"line":87,"column":72}},"34":{"start":{"line":88,"column":4},"end":{"line":90,"column":5}},"35":{"start":{"line":89,"column":6},"end":{"line":89,"column":76}},"36":{"start":{"line":91,"column":22},"end":{"line":97,"column":6}},"37":{"start":{"line":98,"column":22},"end":{"line":103,"column":5}},"38":{"start":{"line":104,"column":4},"end":{"line":112,"column":5}},"39":{"start":{"line":105,"column":6},"end":{"line":105,"column":46}},"40":{"start":{"line":106,"column":6},"end":{"line":106,"column":46}},"41":{"start":{"line":108,"column":6},"end":{"line":108,"column":61}},"42":{"start":{"line":109,"column":6},"end":{"line":111,"column":72}},"43":{"start":{"line":113,"column":18},"end":{"line":115,"column":6}},"44":{"start":{"line":116,"column":4},"end":{"line":116,"column":72}},"45":{"start":{"line":118,"column":4},"end":{"line":120,"column":70}},"46":{"start":{"line":125,"column":6},"end":{"line":202,"column":7}},"47":{"start":{"line":126,"column":23},"end":{"line":126,"column":40}},"48":{"start":{"line":127,"column":21},"end":{"line":127,"column":50}},"49":{"start":{"line":128,"column":8},"end":{"line":130,"column":9}},"50":{"start":{"line":129,"column":10},"end":{"line":129,"column":69}},"51":{"start":{"line":136,"column":8},"end":{"line":155,"column":9}},"52":{"start":{"line":137,"column":10},"end":{"line":137,"column":77}},"53":{"start":{"line":138,"column":35},"end":{"line":138,"column":53}},"54":{"start":{"line":139,"column":34},"end":{"line":139,"column":81}},"55":{"start":{"line":141,"column":10},"end":{"line":141,"column":70}},"56":{"start":{"line":143,"column":25},"end":{"line":147,"column":12}},"57":{"start":{"line":149,"column":10},"end":{"line":149,"column":59}},"58":{"start":{"line":152,"column":10},"end":{"line":152,"column":44}},"59":{"start":{"line":154,"column":10},"end":{"line":154,"column":52}},"60":{"start":{"line":158,"column":8},"end":{"line":178,"column":9}},"61":{"start":{"line":159,"column":10},"end":{"line":159,"column":63}},"62":{"start":{"line":160,"column":36},"end":{"line":160,"column":47}},"63":{"start":{"line":161,"column":33},"end":{"line":161,"column":81}},"64":{"start":{"line":163,"column":10},"end":{"line":163,"column":76}},"65":{"start":{"line":165,"column":25},"end":{"line":170,"column":12}},"66":{"start":{"line":172,"column":10},"end":{"line":172,"column":70}},"67":{"start":{"line":175,"column":10},"end":{"line":175,"column":37}},"68":{"start":{"line":177,"column":10},"end":{"line":177,"column":45}},"69":{"start":{"line":181,"column":27},"end":{"line":183,"column":41}},"70":{"start":{"line":184,"column":8},"end":{"line":184,"column":68}},"71":{"start":{"line":184,"column":27},"end":{"line":184,"column":68}},"72":{"start":{"line":185,"column":8},"end":{"line":185,"column":47}},"73":{"start":{"line":185,"column":20},"end":{"line":185,"column":47}},"74":{"start":{"line":188,"column":28},"end":{"line":192,"column":9}},"75":{"start":{"line":194,"column":8},"end":{"line":196,"column":9}},"76":{"start":{"line":195,"column":10},"end":{"line":195,"column":69}},"77":{"start":{"line":198,"column":8},"end":{"line":198,"column":84}},"78":{"start":{"line":200,"column":8},"end":{"line":200,"column":53}},"79":{"start":{"line":201,"column":8},"end":{"line":201,"column":72}},"80":{"start":{"line":206,"column":2},"end":{"line":289,"column":3}},"81":{"start":{"line":207,"column":19},"end":{"line":207,"column":36}},"82":{"start":{"line":209,"column":17},"end":{"line":209,"column":46}},"83":{"start":{"line":210,"column":4},"end":{"line":212,"column":5}},"84":{"start":{"line":211,"column":6},"end":{"line":211,"column":65}},"85":{"start":{"line":242,"column":2},"end":{"line":253,"column":3}},"86":{"start":{"line":243,"column":4},"end":{"line":250,"column":5}},"87":{"start":{"line":244,"column":30},"end":{"line":244,"column":99}},"88":{"start":{"line":245,"column":6},"end":{"line":245,"column":57}},"89":{"start":{"line":246,"column":36},"end":{"line":246,"column":104}},"90":{"start":{"line":247,"column":6},"end":{"line":247,"column":69}},"91":{"start":{"line":249,"column":6},"end":{"line":249,"column":60}},"92":{"start":{"line":252,"column":4},"end":{"line":252,"column":47}},"93":{"start":{"line":255,"column":2},"end":{"line":269,"column":3}},"94":{"start":{"line":256,"column":4},"end":{"line":266,"column":5}},"95":{"start":{"line":257,"column":24},"end":{"line":257,"column":35}},"96":{"start":{"line":258,"column":27},"end":{"line":258,"column":94}},"97":{"start":{"line":259,"column":6},"end":{"line":259,"column":44}},"98":{"start":{"line":260,"column":6},"end":{"line":260,"column":65}},"99":{"start":{"line":262,"column":35},"end":{"line":262,"column":96}},"100":{"start":{"line":263,"column":6},"end":{"line":263,"column":67}},"101":{"start":{"line":265,"column":6},"end":{"line":265,"column":53}},"102":{"start":{"line":268,"column":4},"end":{"line":268,"column":40}},"103":{"start":{"line":284,"column":4},"end":{"line":284,"column":43}},"104":{"start":{"line":285,"column":4},"end":{"line":285,"column":67}},"105":{"start":{"line":287,"column":4},"end":{"line":287,"column":49}},"106":{"start":{"line":288,"column":4},"end":{"line":288,"column":68}}},"fnMap":{"0":{"name":"postperson","decl":{"start":{"line":11,"column":15},"end":{"line":11,"column":25}},"loc":{"start":{"line":11,"column":36},"end":{"line":71,"column":1}},"line":11},"1":{"name":"loginperson","decl":{"start":{"line":74,"column":15},"end":{"line":74,"column":26}},"loc":{"start":{"line":74,"column":37},"end":{"line":122,"column":1}},"line":74},"2":{"name":"update_user","decl":{"start":{"line":124,"column":19},"end":{"line":124,"column":30}},"loc":{"start":{"line":124,"column":41},"end":{"line":203,"column":5}},"line":124},"3":{"name":"delete_user","decl":{"start":{"line":205,"column":15},"end":{"line":205,"column":26}},"loc":{"start":{"line":205,"column":37},"end":{"line":290,"column":1}},"line":205}},"branchMap":{"0":{"loc":{"start":{"line":16,"column":4},"end":{"line":18,"column":5}},"type":"if","locations":[{"start":{"line":16,"column":4},"end":{"line":18,"column":5}},{"start":{},"end":{}}],"line":16},"1":{"loc":{"start":{"line":21,"column":4},"end":{"line":34,"column":5}},"type":"if","locations":[{"start":{"line":21,"column":4},"end":{"line":34,"column":5}},{"start":{},"end":{}}],"line":21},"2":{"loc":{"start":{"line":21,"column":8},"end":{"line":21,"column":82}},"type":"binary-expr","locations":[{"start":{"line":21,"column":8},"end":{"line":21,"column":17}},{"start":{"line":21,"column":21},"end":{"line":21,"column":44}},{"start":{"line":21,"column":48},"end":{"line":21,"column":82}}],"line":21},"3":{"loc":{"start":{"line":37,"column":4},"end":{"line":50,"column":5}},"type":"if","locations":[{"start":{"line":37,"column":4},"end":{"line":50,"column":5}},{"start":{},"end":{}}],"line":37},"4":{"loc":{"start":{"line":37,"column":8},"end":{"line":37,"column":68}},"type":"binary-expr","locations":[{"start":{"line":37,"column":8},"end":{"line":37,"column":17}},{"start":{"line":37,"column":21},"end":{"line":37,"column":37}},{"start":{"line":37,"column":41},"end":{"line":37,"column":68}}],"line":37},"5":{"loc":{"start":{"line":77,"column":4},"end":{"line":81,"column":5}},"type":"if","locations":[{"start":{"line":77,"column":4},"end":{"line":81,"column":5}},{"start":{},"end":{}}],"line":77},"6":{"loc":{"start":{"line":77,"column":8},"end":{"line":77,"column":27}},"type":"binary-expr","locations":[{"start":{"line":77,"column":8},"end":{"line":77,"column":14}},{"start":{"line":77,"column":18},"end":{"line":77,"column":27}}],"line":77},"7":{"loc":{"start":{"line":84,"column":4},"end":{"line":86,"column":5}},"type":"if","locations":[{"start":{"line":84,"column":4},"end":{"line":86,"column":5}},{"start":{},"end":{}}],"line":84},"8":{"loc":{"start":{"line":88,"column":4},"end":{"line":90,"column":5}},"type":"if","locations":[{"start":{"line":88,"column":4},"end":{"line":90,"column":5}},{"start":{},"end":{}}],"line":88},"9":{"loc":{"start":{"line":128,"column":8},"end":{"line":130,"column":9}},"type":"if","locations":[{"start":{"line":128,"column":8},"end":{"line":130,"column":9}},{"start":{},"end":{}}],"line":128},"10":{"loc":{"start":{"line":136,"column":8},"end":{"line":155,"column":9}},"type":"if","locations":[{"start":{"line":136,"column":8},"end":{"line":155,"column":9}},{"start":{"line":153,"column":15},"end":{"line":155,"column":9}}],"line":136},"11":{"loc":{"start":{"line":136,"column":12},"end":{"line":136,"column":48}},"type":"binary-expr","locations":[{"start":{"line":136,"column":12},"end":{"line":136,"column":21}},{"start":{"line":136,"column":25},"end":{"line":136,"column":48}}],"line":136},"12":{"loc":{"start":{"line":158,"column":8},"end":{"line":178,"column":9}},"type":"if","locations":[{"start":{"line":158,"column":8},"end":{"line":178,"column":9}},{"start":{"line":176,"column":15},"end":{"line":178,"column":9}}],"line":158},"13":{"loc":{"start":{"line":158,"column":12},"end":{"line":158,"column":41}},"type":"binary-expr","locations":[{"start":{"line":158,"column":12},"end":{"line":158,"column":21}},{"start":{"line":158,"column":25},"end":{"line":158,"column":41}}],"line":158},"14":{"loc":{"start":{"line":184,"column":8},"end":{"line":184,"column":68}},"type":"if","locations":[{"start":{"line":184,"column":8},"end":{"line":184,"column":68}},{"start":{},"end":{}}],"line":184},"15":{"loc":{"start":{"line":185,"column":8},"end":{"line":185,"column":47}},"type":"if","locations":[{"start":{"line":185,"column":8},"end":{"line":185,"column":47}},{"start":{},"end":{}}],"line":185},"16":{"loc":{"start":{"line":194,"column":8},"end":{"line":196,"column":9}},"type":"if","locations":[{"start":{"line":194,"column":8},"end":{"line":196,"column":9}},{"start":{},"end":{}}],"line":194},"17":{"loc":{"start":{"line":210,"column":4},"end":{"line":212,"column":5}},"type":"if","locations":[{"start":{"line":210,"column":4},"end":{"line":212,"column":5}},{"start":{},"end":{}}],"line":210},"18":{"loc":{"start":{"line":242,"column":2},"end":{"line":253,"column":3}},"type":"if","locations":[{"start":{"line":242,"column":2},"end":{"line":253,"column":3}},{"start":{"line":251,"column":9},"end":{"line":253,"column":3}}],"line":242},"19":{"loc":{"start":{"line":255,"column":2},"end":{"line":269,"column":3}},"type":"if","locations":[{"start":{"line":255,"column":2},"end":{"line":269,"column":3}},{"start":{"line":267,"column":9},"end":{"line":269,"column":3}}],"line":255}},"s":{"0":1,"1":1,"2":0,"3":0,"4":0,"5":0,"6":0,"7":0,"8":0,"9":0,"10":0,"11":0,"12":0,"13":0,"14":0,"15":0,"16":0,"17":0,"18":0,"19":0,"20":0,"21":0,"22":0,"23":0,"24":0,"25":0,"26":0,"27":0,"28":0,"29":0,"30":0,"31":0,"32":0,"33":0,"34":0,"35":0,"36":0,"37":0,"38":0,"39":0,"40":0,"41":0,"42":0,"43":0,"44":0,"45":0,"46":0,"47":0,"48":0,"49":0,"50":0,"51":0,"52":0,"53":0,"54":0,"55":0,"56":0,"57":0,"58":0,"59":0,"60":0,"61":0,"62":0,"63":0,"64":0,"65":0,"66":0,"67":0,"68":0,"69":0,"70":0,"71":0,"72":0,"73":0,"74":0,"75":0,"76":0,"77":0,"78":0,"79":0,"80":0,"81":0,"82":0,"83":0,"84":0,"85":0,"86":0,"87":0,"88":0,"89":0,"90":0,"91":0,"92":0,"93":0,"94":0,"95":0,"96":0,"97":0,"98":0,"99":0,"100":0,"101":0,"102":0,"103":0,"104":0,"105":0,"106":0},"f":{"0":0,"1":0,"2":0,"3":0},"b":{"0":[0,0],"1":[0,0],"2":[0,0,0],"3":[0,0],"4":[0,0,0],"5":[0,0],"6":[0,0],"7":[0,0],"8":[0,0],"9":[0,0],"10":[0,0],"11":[0,0],"12":[0,0],"13":[0,0],"14":[0,0],"15":[0,0],"16":[0,0],"17":[0,0],"18":[0,0],"19":[0,0]},"inputSourceMap":null,"_coverageSchema":"1a1c01bbd47fc00a2c39e90264f33305004495a9","hash":"2e98655bd3ffec463e3b5d6c3079de83c60b18e7"}
,"C:\\Users\\ragha\\Desktop\\KANUPRIYA\\Final Task 6\\middlewares\\authentication.js": {"path":"C:\\Users\\ragha\\Desktop\\KANUPRIYA\\Final Task 6\\middlewares\\authentication.js","statementMap":{"0":{"start":{"line":3,"column":0},"end":{"line":3,"column":16}},"1":{"start":{"line":4,"column":18},"end":{"line":4,"column":39}},"2":{"start":{"line":6,"column":25},"end":{"line":6,"column":53}},"3":{"start":{"line":7,"column":4},"end":{"line":20,"column":5}},"4":{"start":{"line":8,"column":19},"end":{"line":8,"column":31}},"5":{"start":{"line":9,"column":6},"end":{"line":9,"column":24}},"6":{"start":{"line":10,"column":6},"end":{"line":17,"column":9}},"7":{"start":{"line":11,"column":8},"end":{"line":16,"column":9}},"8":{"start":{"line":12,"column":10},"end":{"line":12,"column":65}},"9":{"start":{"line":14,"column":10},"end":{"line":14,"column":28}},"10":{"start":{"line":15,"column":10},"end":{"line":15,"column":17}},"11":{"start":{"line":19,"column":6},"end":{"line":19,"column":68}},"12":{"start":{"line":24,"column":25},"end":{"line":24,"column":53}},"13":{"start":{"line":25,"column":4},"end":{"line":38,"column":5}},"14":{"start":{"line":26,"column":19},"end":{"line":26,"column":31}},"15":{"start":{"line":27,"column":6},"end":{"line":27,"column":24}},"16":{"start":{"line":28,"column":6},"end":{"line":35,"column":9}},"17":{"start":{"line":29,"column":8},"end":{"line":34,"column":9}},"18":{"start":{"line":30,"column":10},"end":{"line":30,"column":65}},"19":{"start":{"line":32,"column":10},"end":{"line":32,"column":28}},"20":{"start":{"line":33,"column":10},"end":{"line":33,"column":17}},"21":{"start":{"line":37,"column":6},"end":{"line":37,"column":68}}},"fnMap":{"0":{"name":"verifyToken","decl":{"start":{"line":5,"column":9},"end":{"line":5,"column":20}},"loc":{"start":{"line":5,"column":37},"end":{"line":21,"column":3}},"line":5},"1":{"name":"(anonymous_1)","decl":{"start":{"line":10,"column":35},"end":{"line":10,"column":36}},"loc":{"start":{"line":10,"column":50},"end":{"line":17,"column":7}},"line":10},"2":{"name":"verifyRec","decl":{"start":{"line":23,"column":11},"end":{"line":23,"column":20}},"loc":{"start":{"line":23,"column":37},"end":{"line":39,"column":3}},"line":23},"3":{"name":"(anonymous_3)","decl":{"start":{"line":28,"column":35},"end":{"line":28,"column":36}},"loc":{"start":{"line":28,"column":50},"end":{"line":35,"column":7}},"line":28}},"branchMap":{"0":{"loc":{"start":{"line":7,"column":4},"end":{"line":20,"column":5}},"type":"if","locations":[{"start":{"line":7,"column":4},"end":{"line":20,"column":5}},{"start":{"line":18,"column":11},"end":{"line":20,"column":5}}],"line":7},"1":{"loc":{"start":{"line":11,"column":8},"end":{"line":16,"column":9}},"type":"if","locations":[{"start":{"line":11,"column":8},"end":{"line":16,"column":9}},{"start":{"line":13,"column":15},"end":{"line":16,"column":9}}],"line":11},"2":{"loc":{"start":{"line":25,"column":4},"end":{"line":38,"column":5}},"type":"if","locations":[{"start":{"line":25,"column":4},"end":{"line":38,"column":5}},{"start":{"line":36,"column":11},"end":{"line":38,"column":5}}],"line":25},"3":{"loc":{"start":{"line":29,"column":8},"end":{"line":34,"column":9}},"type":"if","locations":[{"start":{"line":29,"column":8},"end":{"line":34,"column":9}},{"start":{"line":31,"column":15},"end":{"line":34,"column":9}}],"line":29}},"s":{"0":1,"1":1,"2":0,"3":0,"4":0,"5":0,"6":0,"7":0,"8":0,"9":0,"10":0,"11":0,"12":4,"13":4,"14":4,"15":4,"16":4,"17":4,"18":0,"19":4,"20":4,"21":0},"f":{"0":0,"1":0,"2":4,"3":4},"b":{"0":[0,0],"1":[0,0],"2":[4,0],"3":[0,4]},"inputSourceMap":null,"_coverageSchema":"1a1c01bbd47fc00a2c39e90264f33305004495a9","hash":"141d8a532d10d1f715e343146828b51bd439e270"}
,"C:\\Users\\ragha\\Desktop\\KANUPRIYA\\Final Task 6\\middlewares\\multer.js": {"path":"C:\\Users\\ragha\\Desktop\\KANUPRIYA\\Final Task 6\\middlewares\\multer.js","statementMap":{"0":{"start":{"line":3,"column":16},"end":{"line":7,"column":2}},"1":{"start":{"line":5,"column":4},"end":{"line":5,"column":32}},"2":{"start":{"line":9,"column":14},"end":{"line":14,"column":2}}},"fnMap":{"0":{"name":"(anonymous_0)","decl":{"start":{"line":4,"column":12},"end":{"line":4,"column":13}},"loc":{"start":{"line":4,"column":37},"end":{"line":6,"column":3}},"line":4}},"branchMap":{},"s":{"0":1,"1":0,"2":1},"f":{"0":0},"b":{},"inputSourceMap":null,"_coverageSchema":"1a1c01bbd47fc00a2c39e90264f33305004495a9","hash":"157a61392391c45d0c598e5cd08ab1c62c4a8639"}
,"C:\\Users\\ragha\\Desktop\\KANUPRIYA\\Final Task 6\\models\\application.js": {"path":"C:\\Users\\ragha\\Desktop\\KANUPRIYA\\Final Task 6\\models\\application.js","statementMap":{"0":{"start":{"line":3,"column":26},"end":{"line":25,"column":2}},"1":{"start":{"line":27,"column":20},"end":{"line":27,"column":68}}},"fnMap":{},"branchMap":{},"s":{"0":1,"1":1},"f":{},"b":{},"inputSourceMap":null,"_coverageSchema":"1a1c01bbd47fc00a2c39e90264f33305004495a9","hash":"e804879c25411d06d2bda0d663f0aa738ca91ccd"}
,"C:\\Users\\ragha\\Desktop\\KANUPRIYA\\Final Task 6\\models\\blog.js": {"path":"C:\\Users\\ragha\\Desktop\\KANUPRIYA\\Final Task 6\\models\\blog.js","statementMap":{"0":{"start":{"line":2,"column":19},"end":{"line":30,"column":2}},"1":{"start":{"line":31,"column":13},"end":{"line":31,"column":47}}},"fnMap":{},"branchMap":{},"s":{"0":1,"1":1},"f":{},"b":{},"inputSourceMap":null,"_coverageSchema":"1a1c01bbd47fc00a2c39e90264f33305004495a9","hash":"87bb03a3c6d2c468e6b75f3cd3cb2280d27b42f3"}
,"C:\\Users\\ragha\\Desktop\\KANUPRIYA\\Final Task 6\\models\\company.js": {"path":"C:\\Users\\ragha\\Desktop\\KANUPRIYA\\Final Task 6\\models\\company.js","statementMap":{"0":{"start":{"line":3,"column":15},"end":{"line":12,"column":2}},"1":{"start":{"line":13,"column":16},"end":{"line":13,"column":49}}},"fnMap":{},"branchMap":{},"s":{"0":1,"1":1},"f":{},"b":{},"inputSourceMap":null,"_coverageSchema":"1a1c01bbd47fc00a2c39e90264f33305004495a9","hash":"c5d7dc49596849a46f617450e56170ccdbc715b9"}
,"C:\\Users\\ragha\\Desktop\\KANUPRIYA\\Final Task 6\\models\\follow.js": {"path":"C:\\Users\\ragha\\Desktop\\KANUPRIYA\\Final Task 6\\models\\follow.js","statementMap":{"0":{"start":{"line":2,"column":15},"end":{"line":19,"column":2}},"1":{"start":{"line":21,"column":15},"end":{"line":21,"column":47}}},"fnMap":{},"branchMap":{},"s":{"0":1,"1":1},"f":{},"b":{},"inputSourceMap":null,"_coverageSchema":"1a1c01bbd47fc00a2c39e90264f33305004495a9","hash":"c5c7914e07e655521d38b5c04ebf92019b4a2806"}
,"C:\\Users\\ragha\\Desktop\\KANUPRIYA\\Final Task 6\\models\\job.js": {"path":"C:\\Users\\ragha\\Desktop\\KANUPRIYA\\Final Task 6\\models\\job.js","statementMap":{"0":{"start":{"line":2,"column":18},"end":{"line":35,"column":2}},"1":{"start":{"line":38,"column":12},"end":{"line":38,"column":44}}},"fnMap":{},"branchMap":{},"s":{"0":1,"1":1},"f":{},"b":{},"inputSourceMap":null,"_coverageSchema":"1a1c01bbd47fc00a2c39e90264f33305004495a9","hash":"4f07373173233c636dfd34181b34e1e1018240d3"}
,"C:\\Users\\ragha\\Desktop\\KANUPRIYA\\Final Task 6\\models\\recruiter.js": {"path":"C:\\Users\\ragha\\Desktop\\KANUPRIYA\\Final Task 6\\models\\recruiter.js","statementMap":{"0":{"start":{"line":3,"column":14},"end":{"line":15,"column":2}},"1":{"start":{"line":16,"column":18},"end":{"line":16,"column":54}}},"fnMap":{},"branchMap":{},"s":{"0":1,"1":1},"f":{},"b":{},"inputSourceMap":null,"_coverageSchema":"1a1c01bbd47fc00a2c39e90264f33305004495a9","hash":"5368acae7aef2cc9d69b5ca229504bb7e4799804"}
,"C:\\Users\\ragha\\Desktop\\KANUPRIYA\\Final Task 6\\models\\user.js": {"path":"C:\\Users\\ragha\\Desktop\\KANUPRIYA\\Final Task 6\\models\\user.js","statementMap":{"0":{"start":{"line":2,"column":15},"end":{"line":24,"column":2}},"1":{"start":{"line":25,"column":15},"end":{"line":25,"column":47}}},"fnMap":{},"branchMap":{},"s":{"0":1,"1":1},"f":{},"b":{},"inputSourceMap":null,"_coverageSchema":"1a1c01bbd47fc00a2c39e90264f33305004495a9","hash":"1727b3ece93e3a28605d11d6ff329d4672ae8d6f"}
,"C:\\Users\\ragha\\Desktop\\KANUPRIYA\\Final Task 6\\routes\\application.js": {"path":"C:\\Users\\ragha\\Desktop\\KANUPRIYA\\Final Task 6\\routes\\application.js","statementMap":{"0":{"start":{"line":4,"column":20},"end":{"line":4,"column":36}},"1":{"start":{"line":5,"column":0},"end":{"line":5,"column":69}},"2":{"start":{"line":6,"column":0},"end":{"line":6,"column":64}},"3":{"start":{"line":7,"column":0},"end":{"line":7,"column":67}},"4":{"start":{"line":8,"column":0},"end":{"line":8,"column":64}}},"fnMap":{},"branchMap":{},"s":{"0":1,"1":1,"2":1,"3":1,"4":1},"f":{},"b":{},"inputSourceMap":null,"_coverageSchema":"1a1c01bbd47fc00a2c39e90264f33305004495a9","hash":"2cc1b9698d4f94549ccb1d29d52bdccbce2baa31"}
,"C:\\Users\\ragha\\Desktop\\KANUPRIYA\\Final Task 6\\routes\\blog.js": {"path":"C:\\Users\\ragha\\Desktop\\KANUPRIYA\\Final Task 6\\routes\\blog.js","statementMap":{"0":{"start":{"line":10,"column":13},"end":{"line":10,"column":29}},"1":{"start":{"line":12,"column":0},"end":{"line":12,"column":36}},"2":{"start":{"line":13,"column":0},"end":{"line":13,"column":34}},"3":{"start":{"line":14,"column":0},"end":{"line":14,"column":43}},"4":{"start":{"line":15,"column":0},"end":{"line":15,"column":44}},"5":{"start":{"line":16,"column":0},"end":{"line":16,"column":47}}},"fnMap":{},"branchMap":{},"s":{"0":1,"1":1,"2":1,"3":1,"4":1,"5":1},"f":{},"b":{},"inputSourceMap":null,"_coverageSchema":"1a1c01bbd47fc00a2c39e90264f33305004495a9","hash":"c53ad9c2666d69ebbd72f44e4953b7336839775d"}
,"C:\\Users\\ragha\\Desktop\\KANUPRIYA\\Final Task 6\\routes\\company.js": {"path":"C:\\Users\\ragha\\Desktop\\KANUPRIYA\\Final Task 6\\routes\\company.js","statementMap":{"0":{"start":{"line":4,"column":13},"end":{"line":4,"column":29}},"1":{"start":{"line":6,"column":0},"end":{"line":6,"column":41}},"2":{"start":{"line":7,"column":0},"end":{"line":7,"column":37}},"3":{"start":{"line":8,"column":0},"end":{"line":8,"column":45}},"4":{"start":{"line":9,"column":0},"end":{"line":9,"column":46}},"5":{"start":{"line":10,"column":0},"end":{"line":10,"column":48}},"6":{"start":{"line":11,"column":0},"end":{"line":11,"column":49}},"7":{"start":{"line":12,"column":0},"end":{"line":12,"column":42}}},"fnMap":{},"branchMap":{},"s":{"0":1,"1":1,"2":1,"3":1,"4":1,"5":1,"6":1,"7":1},"f":{},"b":{},"inputSourceMap":null,"_coverageSchema":"1a1c01bbd47fc00a2c39e90264f33305004495a9","hash":"5f19c870fd14811040dbe23c85bc853e4a45eb03"}
,"C:\\Users\\ragha\\Desktop\\KANUPRIYA\\Final Task 6\\routes\\follow.js": {"path":"C:\\Users\\ragha\\Desktop\\KANUPRIYA\\Final Task 6\\routes\\follow.js","statementMap":{"0":{"start":{"line":3,"column":15},"end":{"line":3,"column":31}},"1":{"start":{"line":5,"column":0},"end":{"line":5,"column":39}},"2":{"start":{"line":6,"column":0},"end":{"line":6,"column":46}},"3":{"start":{"line":7,"column":0},"end":{"line":7,"column":47}},"4":{"start":{"line":8,"column":0},"end":{"line":8,"column":56}},"5":{"start":{"line":9,"column":0},"end":{"line":9,"column":47}},"6":{"start":{"line":10,"column":0},"end":{"line":10,"column":56}}},"fnMap":{},"branchMap":{},"s":{"0":1,"1":1,"2":1,"3":1,"4":1,"5":1,"6":1},"f":{},"b":{},"inputSourceMap":null,"_coverageSchema":"1a1c01bbd47fc00a2c39e90264f33305004495a9","hash":"2e06e52140ed00b393d7d7241f5a3712aee3a21a"}
,"C:\\Users\\ragha\\Desktop\\KANUPRIYA\\Final Task 6\\routes\\job.js": {"path":"C:\\Users\\ragha\\Desktop\\KANUPRIYA\\Final Task 6\\routes\\job.js","statementMap":{"0":{"start":{"line":3,"column":12},"end":{"line":3,"column":28}},"1":{"start":{"line":5,"column":0},"end":{"line":5,"column":34}},"2":{"start":{"line":6,"column":0},"end":{"line":6,"column":42}},"3":{"start":{"line":7,"column":0},"end":{"line":7,"column":50}},"4":{"start":{"line":8,"column":0},"end":{"line":8,"column":51}},"5":{"start":{"line":9,"column":0},"end":{"line":9,"column":59}}},"fnMap":{},"branchMap":{},"s":{"0":1,"1":1,"2":1,"3":1,"4":1,"5":1},"f":{},"b":{},"inputSourceMap":null,"_coverageSchema":"1a1c01bbd47fc00a2c39e90264f33305004495a9","hash":"e887deff2dc33630e9ea5b64f2395ae04a67019c"}
,"C:\\Users\\ragha\\Desktop\\KANUPRIYA\\Final Task 6\\routes\\recruiter.js": {"path":"C:\\Users\\ragha\\Desktop\\KANUPRIYA\\Final Task 6\\routes\\recruiter.js","statementMap":{"0":{"start":{"line":4,"column":12},"end":{"line":4,"column":28}},"1":{"start":{"line":6,"column":0},"end":{"line":6,"column":39}},"2":{"start":{"line":7,"column":0},"end":{"line":7,"column":37}},"3":{"start":{"line":8,"column":0},"end":{"line":8,"column":39}},"4":{"start":{"line":9,"column":0},"end":{"line":11,"column":5}},"5":{"start":{"line":10,"column":4},"end":{"line":10,"column":75}},"6":{"start":{"line":12,"column":0},"end":{"line":12,"column":51}},"7":{"start":{"line":13,"column":0},"end":{"line":13,"column":52}}},"fnMap":{"0":{"name":"(anonymous_0)","decl":{"start":{"line":9,"column":33},"end":{"line":9,"column":34}},"loc":{"start":{"line":9,"column":47},"end":{"line":11,"column":3}},"line":9}},"branchMap":{},"s":{"0":1,"1":1,"2":1,"3":1,"4":1,"5":1,"6":1,"7":1},"f":{"0":1},"b":{},"inputSourceMap":null,"_coverageSchema":"1a1c01bbd47fc00a2c39e90264f33305004495a9","hash":"44d70a310476d214a4a5aa9f14ec1faaa6df6250"}
,"C:\\Users\\ragha\\Desktop\\KANUPRIYA\\Final Task 6\\routes\\user.js": {"path":"C:\\Users\\ragha\\Desktop\\KANUPRIYA\\Final Task 6\\routes\\user.js","statementMap":{"0":{"start":{"line":10,"column":15},"end":{"line":10,"column":31}},"1":{"start":{"line":11,"column":0},"end":{"line":11,"column":42}},"2":{"start":{"line":12,"column":0},"end":{"line":12,"column":35}},"3":{"start":{"line":13,"column":0},"end":{"line":13,"column":55}},"4":{"start":{"line":15,"column":0},"end":{"line":17,"column":3}},"5":{"start":{"line":16,"column":2},"end":{"line":16,"column":73}},"6":{"start":{"line":20,"column":0},"end":{"line":20,"column":59}}},"fnMap":{"0":{"name":"(anonymous_0)","decl":{"start":{"line":15,"column":38},"end":{"line":15,"column":39}},"loc":{"start":{"line":15,"column":52},"end":{"line":17,"column":1}},"line":15}},"branchMap":{},"s":{"0":1,"1":1,"2":1,"3":1,"4":1,"5":0,"6":1},"f":{"0":0},"b":{},"inputSourceMap":null,"_coverageSchema":"1a1c01bbd47fc00a2c39e90264f33305004495a9","hash":"1ad9b1a6824436b1100b255053a4159c3b5062a0"}
,"C:\\Users\\ragha\\Desktop\\KANUPRIYA\\Final Task 6\\utils\\cloudinary.js": {"path":"C:\\Users\\ragha\\Desktop\\KANUPRIYA\\Final Task 6\\utils\\cloudinary.js","statementMap":{"0":{"start":{"line":2,"column":19},"end":{"line":2,"column":27}},"1":{"start":{"line":4,"column":0},"end":{"line":4,"column":16}},"2":{"start":{"line":6,"column":0},"end":{"line":10,"column":3}}},"fnMap":{},"branchMap":{},"s":{"0":1,"1":1,"2":1},"f":{},"b":{},"inputSourceMap":null,"_coverageSchema":"1a1c01bbd47fc00a2c39e90264f33305004495a9","hash":"fbba2b56e896400b4e83e131090bad3fc18789b2"}
,"C:\\Users\\ragha\\Desktop\\KANUPRIYA\\Final Task 6\\utils\\connection.js": {"path":"C:\\Users\\ragha\\Desktop\\KANUPRIYA\\Final Task 6\\utils\\connection.js","statementMap":{"0":{"start":{"line":3,"column":27},"end":{"line":8,"column":1}},"1":{"start":{"line":4,"column":2},"end":{"line":7,"column":64}},"2":{"start":{"line":6,"column":16},"end":{"line":6,"column":46}},"3":{"start":{"line":7,"column":20},"end":{"line":7,"column":62}}},"fnMap":{"0":{"name":"(anonymous_0)","decl":{"start":{"line":3,"column":27},"end":{"line":3,"column":28}},"loc":{"start":{"line":3,"column":33},"end":{"line":8,"column":1}},"line":3},"1":{"name":"(anonymous_1)","decl":{"start":{"line":6,"column":10},"end":{"line":6,"column":11}},"loc":{"start":{"line":6,"column":16},"end":{"line":6,"column":46}},"line":6},"2":{"name":"(anonymous_2)","decl":{"start":{"line":7,"column":11},"end":{"line":7,"column":12}},"loc":{"start":{"line":7,"column":20},"end":{"line":7,"column":62}},"line":7}},"branchMap":{},"s":{"0":1,"1":2,"2":2,"3":0},"f":{"0":2,"1":2,"2":0},"b":{},"inputSourceMap":null,"_coverageSchema":"1a1c01bbd47fc00a2c39e90264f33305004495a9","hash":"ea87525d288449efee29d69e2dd8e2b06c388795"}
}
