{"C:\\Users\\ragha\\Desktop\\KANUPRIYA\\Final Task 6\\index.js": {"path":"C:\\Users\\ragha\\Desktop\\KANUPRIYA\\Final Task 6\\index.js","statementMap":{"0":{"start":{"line":13,"column":0},"end":{"line":13,"column":16}},"1":{"start":{"line":15,"column":12},"end":{"line":15,"column":21}},"2":{"start":{"line":16,"column":13},"end":{"line":16,"column":29}},"3":{"start":{"line":18,"column":0},"end":{"line":18,"column":24}},"4":{"start":{"line":19,"column":0},"end":{"line":19,"column":24}},"5":{"start":{"line":21,"column":0},"end":{"line":21,"column":14}},"6":{"start":{"line":24,"column":0},"end":{"line":24,"column":25}},"7":{"start":{"line":25,"column":0},"end":{"line":25,"column":26}},"8":{"start":{"line":26,"column":0},"end":{"line":26,"column":27}},"9":{"start":{"line":27,"column":0},"end":{"line":27,"column":21}},"10":{"start":{"line":28,"column":0},"end":{"line":28,"column":37}},"11":{"start":{"line":29,"column":0},"end":{"line":29,"column":28}},"12":{"start":{"line":30,"column":0},"end":{"line":30,"column":23}},"13":{"start":{"line":31,"column":0},"end":{"line":33,"column":3}},"14":{"start":{"line":32,"column":2},"end":{"line":32,"column":48}}},"fnMap":{"0":{"name":"(anonymous_0)","decl":{"start":{"line":31,"column":17},"end":{"line":31,"column":18}},"loc":{"start":{"line":31,"column":23},"end":{"line":33,"column":1}},"line":31}},"branchMap":{},"s":{"0":1,"1":1,"2":1,"3":1,"4":1,"5":1,"6":1,"7":1,"8":1,"9":1,"10":1,"11":1,"12":1,"13":1,"14":1},"f":{"0":1},"b":{},"_coverageSchema":"1a1c01bbd47fc00a2c39e90264f33305004495a9","hash":"9dd0610f555f09f0218a68259470c2adef2f7542"}
,"C:\\Users\\ragha\\Desktop\\KANUPRIYA\\Final Task 6\\controllers\\application.js": {"path":"C:\\Users\\ragha\\Desktop\\KANUPRIYA\\Final Task 6\\controllers\\application.js","statementMap":{"0":{"start":{"line":4,"column":2},"end":{"line":21,"column":3}},"1":{"start":{"line":5,"column":33},"end":{"line":7,"column":25}},"2":{"start":{"line":8,"column":33},"end":{"line":10,"column":25}},"3":{"start":{"line":11,"column":32},"end":{"line":13,"column":25}},"4":{"start":{"line":14,"column":4},"end":{"line":18,"column":7}},"5":{"start":{"line":20,"column":4},"end":{"line":20,"column":51}},"6":{"start":{"line":25,"column":2},"end":{"line":34,"column":3}},"7":{"start":{"line":26,"column":25},"end":{"line":28,"column":25}},"8":{"start":{"line":30,"column":4},"end":{"line":30,"column":39}},"9":{"start":{"line":32,"column":4},"end":{"line":32,"column":65}},"10":{"start":{"line":33,"column":4},"end":{"line":33,"column":51}},"11":{"start":{"line":38,"column":43},"end":{"line":38,"column":51}},"12":{"start":{"line":39,"column":2},"end":{"line":50,"column":3}},"13":{"start":{"line":40,"column":24},"end":{"line":45,"column":6}},"14":{"start":{"line":46,"column":4},"end":{"line":46,"column":29}},"15":{"start":{"line":47,"column":4},"end":{"line":47,"column":38}},"16":{"start":{"line":49,"column":4},"end":{"line":49,"column":51}},"17":{"start":{"line":55,"column":2},"end":{"line":72,"column":3}},"18":{"start":{"line":56,"column":13},"end":{"line":56,"column":25}},"19":{"start":{"line":58,"column":23},"end":{"line":59,"column":9}},"20":{"start":{"line":61,"column":4},"end":{"line":63,"column":5}},"21":{"start":{"line":62,"column":6},"end":{"line":62,"column":72}},"22":{"start":{"line":65,"column":4},"end":{"line":67,"column":78}},"23":{"start":{"line":69,"column":4},"end":{"line":71,"column":79}}},"fnMap":{"0":{"name":"displayAllApplication","decl":{"start":{"line":3,"column":15},"end":{"line":3,"column":36}},"loc":{"start":{"line":3,"column":47},"end":{"line":22,"column":1}},"line":3},"1":{"name":"displayapplication","decl":{"start":{"line":24,"column":15},"end":{"line":24,"column":33}},"loc":{"start":{"line":24,"column":44},"end":{"line":35,"column":1}},"line":24},"2":{"name":"postapplication","decl":{"start":{"line":37,"column":15},"end":{"line":37,"column":30}},"loc":{"start":{"line":37,"column":41},"end":{"line":51,"column":1}},"line":37},"3":{"name":"deleteapplication","decl":{"start":{"line":54,"column":15},"end":{"line":54,"column":32}},"loc":{"start":{"line":54,"column":43},"end":{"line":73,"column":1}},"line":54}},"branchMap":{"0":{"loc":{"start":{"line":61,"column":4},"end":{"line":63,"column":5}},"type":"if","locations":[{"start":{"line":61,"column":4},"end":{"line":63,"column":5}},{"start":{},"end":{}}],"line":61}},"s":{"0":0,"1":0,"2":0,"3":0,"4":0,"5":0,"6":0,"7":0,"8":0,"9":0,"10":0,"11":0,"12":0,"13":0,"14":0,"15":0,"16":0,"17":0,"18":0,"19":0,"20":0,"21":0,"22":0,"23":0},"f":{"0":0,"1":0,"2":0,"3":0},"b":{"0":[0,0]},"_coverageSchema":"1a1c01bbd47fc00a2c39e90264f33305004495a9","hash":"edf99d9ea7ff37f5a54496d3786841c3d1834776"}
,"C:\\Users\\ragha\\Desktop\\KANUPRIYA\\Final Task 6\\controllers\\blog.js": {"path":"C:\\Users\\ragha\\Desktop\\KANUPRIYA\\Final Task 6\\controllers\\blog.js","statementMap":{"0":{"start":{"line":4,"column":2},"end":{"line":22,"column":3}},"1":{"start":{"line":5,"column":20},"end":{"line":5,"column":39}},"2":{"start":{"line":6,"column":21},"end":{"line":13,"column":6}},"3":{"start":{"line":7,"column":6},"end":{"line":11,"column":7}},"4":{"start":{"line":8,"column":8},"end":{"line":8,"column":75}},"5":{"start":{"line":9,"column":13},"end":{"line":11,"column":7}},"6":{"start":{"line":10,"column":8},"end":{"line":10,"column":76}},"7":{"start":{"line":12,"column":6},"end":{"line":12,"column":18}},"8":{"start":{"line":15,"column":27},"end":{"line":15,"column":54}},"9":{"start":{"line":17,"column":4},"end":{"line":17,"column":41}},"10":{"start":{"line":19,"column":4},"end":{"line":21,"column":70}},"11":{"start":{"line":26,"column":2},"end":{"line":41,"column":3}},"12":{"start":{"line":28,"column":6},"end":{"line":28,"column":14}},"13":{"start":{"line":29,"column":17},"end":{"line":36,"column":6}},"14":{"start":{"line":37,"column":4},"end":{"line":37,"column":22}},"15":{"start":{"line":38,"column":4},"end":{"line":38,"column":73}},"16":{"start":{"line":40,"column":4},"end":{"line":40,"column":64}},"17":{"start":{"line":45,"column":2},"end":{"line":62,"column":1}},"18":{"start":{"line":46,"column":19},"end":{"line":46,"column":32}},"19":{"start":{"line":47,"column":20},"end":{"line":47,"column":28}},"20":{"start":{"line":48,"column":24},"end":{"line":52,"column":5}},"21":{"start":{"line":54,"column":4},"end":{"line":56,"column":5}},"22":{"start":{"line":55,"column":8},"end":{"line":55,"column":67}},"23":{"start":{"line":59,"column":4},"end":{"line":59,"column":80}},"24":{"start":{"line":61,"column":4},"end":{"line":61,"column":85}},"25":{"start":{"line":66,"column":2},"end":{"line":80,"column":3}},"26":{"start":{"line":67,"column":19},"end":{"line":67,"column":32}},"27":{"start":{"line":68,"column":17},"end":{"line":68,"column":61}},"28":{"start":{"line":70,"column":4},"end":{"line":77,"column":5}},"29":{"start":{"line":71,"column":6},"end":{"line":74,"column":9}},"30":{"start":{"line":76,"column":6},"end":{"line":76,"column":56}},"31":{"start":{"line":79,"column":4},"end":{"line":79,"column":73}},"32":{"start":{"line":84,"column":2},"end":{"line":101,"column":3}},"33":{"start":{"line":85,"column":18},"end":{"line":85,"column":44}},"34":{"start":{"line":86,"column":18},"end":{"line":86,"column":59}},"35":{"start":{"line":87,"column":4},"end":{"line":87,"column":39}},"36":{"start":{"line":89,"column":4},"end":{"line":96,"column":5}},"37":{"start":{"line":90,"column":6},"end":{"line":93,"column":9}},"38":{"start":{"line":95,"column":6},"end":{"line":95,"column":78}},"39":{"start":{"line":98,"column":4},"end":{"line":100,"column":70}}},"fnMap":{"0":{"name":"displayblog","decl":{"start":{"line":3,"column":15},"end":{"line":3,"column":26}},"loc":{"start":{"line":3,"column":37},"end":{"line":23,"column":1}},"line":3},"1":{"name":"(anonymous_1)","decl":{"start":{"line":6,"column":33},"end":{"line":6,"column":34}},"loc":{"start":{"line":6,"column":49},"end":{"line":13,"column":5}},"line":6},"2":{"name":"postblog","decl":{"start":{"line":25,"column":15},"end":{"line":25,"column":23}},"loc":{"start":{"line":25,"column":34},"end":{"line":42,"column":1}},"line":25},"3":{"name":"updateblog","decl":{"start":{"line":44,"column":15},"end":{"line":44,"column":25}},"loc":{"start":{"line":44,"column":36},"end":{"line":64,"column":1}},"line":44},"4":{"name":"deleteblog","decl":{"start":{"line":65,"column":15},"end":{"line":65,"column":25}},"loc":{"start":{"line":65,"column":36},"end":{"line":81,"column":1}},"line":65},"5":{"name":"displaybytags","decl":{"start":{"line":83,"column":15},"end":{"line":83,"column":28}},"loc":{"start":{"line":83,"column":39},"end":{"line":102,"column":1}},"line":83}},"branchMap":{"0":{"loc":{"start":{"line":7,"column":6},"end":{"line":11,"column":7}},"type":"if","locations":[{"start":{"line":7,"column":6},"end":{"line":11,"column":7}},{"start":{"line":9,"column":13},"end":{"line":11,"column":7}}],"line":7},"1":{"loc":{"start":{"line":9,"column":13},"end":{"line":11,"column":7}},"type":"if","locations":[{"start":{"line":9,"column":13},"end":{"line":11,"column":7}},{"start":{},"end":{}}],"line":9},"2":{"loc":{"start":{"line":54,"column":4},"end":{"line":56,"column":5}},"type":"if","locations":[{"start":{"line":54,"column":4},"end":{"line":56,"column":5}},{"start":{},"end":{}}],"line":54},"3":{"loc":{"start":{"line":70,"column":4},"end":{"line":77,"column":5}},"type":"if","locations":[{"start":{"line":70,"column":4},"end":{"line":77,"column":5}},{"start":{"line":75,"column":11},"end":{"line":77,"column":5}}],"line":70},"4":{"loc":{"start":{"line":89,"column":4},"end":{"line":96,"column":5}},"type":"if","locations":[{"start":{"line":89,"column":4},"end":{"line":96,"column":5}},{"start":{"line":94,"column":11},"end":{"line":96,"column":5}}],"line":89},"5":{"loc":{"start":{"line":100,"column":48},"end":{"line":100,"column":66}},"type":"binary-expr","locations":[{"start":{"line":100,"column":48},"end":{"line":100,"column":59}},{"start":{"line":100,"column":63},"end":{"line":100,"column":66}}],"line":100}},"s":{"0":0,"1":0,"2":0,"3":0,"4":0,"5":0,"6":0,"7":0,"8":0,"9":0,"10":0,"11":0,"12":0,"13":0,"14":0,"15":0,"16":0,"17":0,"18":0,"19":0,"20":0,"21":0,"22":0,"23":0,"24":0,"25":0,"26":0,"27":0,"28":0,"29":0,"30":0,"31":0,"32":0,"33":0,"34":0,"35":0,"36":0,"37":0,"38":0,"39":0},"f":{"0":0,"1":0,"2":0,"3":0,"4":0,"5":0},"b":{"0":[0,0],"1":[0,0],"2":[0,0],"3":[0,0],"4":[0,0],"5":[0,0]},"_coverageSchema":"1a1c01bbd47fc00a2c39e90264f33305004495a9","hash":"1428c50c4a6940a93029339e90efa296cdb6db13"}
,"C:\\Users\\ragha\\Desktop\\KANUPRIYA\\Final Task 6\\controllers\\company.js": {"path":"C:\\Users\\ragha\\Desktop\\KANUPRIYA\\Final Task 6\\controllers\\company.js","statementMap":{"0":{"start":{"line":4,"column":2},"end":{"line":14,"column":3}},"1":{"start":{"line":5,"column":20},"end":{"line":8,"column":6}},"2":{"start":{"line":9,"column":4},"end":{"line":9,"column":34}},"3":{"start":{"line":11,"column":4},"end":{"line":13,"column":74}},"4":{"start":{"line":18,"column":2},"end":{"line":31,"column":3}},"5":{"start":{"line":19,"column":65},"end":{"line":19,"column":73}},"6":{"start":{"line":20,"column":20},"end":{"line":26,"column":6}},"7":{"start":{"line":27,"column":4},"end":{"line":27,"column":25}},"8":{"start":{"line":28,"column":4},"end":{"line":28,"column":79}},"9":{"start":{"line":30,"column":4},"end":{"line":30,"column":64}},"10":{"start":{"line":34,"column":2},"end":{"line":54,"column":3}},"11":{"start":{"line":35,"column":22},"end":{"line":35,"column":35}},"12":{"start":{"line":36,"column":20},"end":{"line":36,"column":28}},"13":{"start":{"line":37,"column":24},"end":{"line":42,"column":5}},"14":{"start":{"line":43,"column":4},"end":{"line":45,"column":5}},"15":{"start":{"line":44,"column":6},"end":{"line":44,"column":68}},"16":{"start":{"line":47,"column":4},"end":{"line":49,"column":70}},"17":{"start":{"line":51,"column":4},"end":{"line":53,"column":75}},"18":{"start":{"line":58,"column":2},"end":{"line":72,"column":3}},"19":{"start":{"line":59,"column":22},"end":{"line":59,"column":35}},"20":{"start":{"line":60,"column":27},"end":{"line":60,"column":77}},"21":{"start":{"line":62,"column":4},"end":{"line":69,"column":5}},"22":{"start":{"line":63,"column":6},"end":{"line":66,"column":9}},"23":{"start":{"line":68,"column":6},"end":{"line":68,"column":59}},"24":{"start":{"line":71,"column":4},"end":{"line":71,"column":84}}},"fnMap":{"0":{"name":"displayComp","decl":{"start":{"line":3,"column":15},"end":{"line":3,"column":26}},"loc":{"start":{"line":3,"column":37},"end":{"line":15,"column":1}},"line":3},"1":{"name":"postComp","decl":{"start":{"line":17,"column":15},"end":{"line":17,"column":23}},"loc":{"start":{"line":17,"column":34},"end":{"line":32,"column":1}},"line":17},"2":{"name":"updateComp","decl":{"start":{"line":33,"column":15},"end":{"line":33,"column":25}},"loc":{"start":{"line":33,"column":36},"end":{"line":55,"column":1}},"line":33},"3":{"name":"deleteComp","decl":{"start":{"line":57,"column":15},"end":{"line":57,"column":25}},"loc":{"start":{"line":57,"column":36},"end":{"line":73,"column":1}},"line":57}},"branchMap":{"0":{"loc":{"start":{"line":43,"column":4},"end":{"line":45,"column":5}},"type":"if","locations":[{"start":{"line":43,"column":4},"end":{"line":45,"column":5}},{"start":{},"end":{}}],"line":43},"1":{"loc":{"start":{"line":62,"column":4},"end":{"line":69,"column":5}},"type":"if","locations":[{"start":{"line":62,"column":4},"end":{"line":69,"column":5}},{"start":{"line":67,"column":11},"end":{"line":69,"column":5}}],"line":62}},"s":{"0":1,"1":1,"2":1,"3":0,"4":1,"5":1,"6":1,"7":1,"8":1,"9":0,"10":1,"11":1,"12":1,"13":1,"14":1,"15":0,"16":1,"17":0,"18":1,"19":1,"20":1,"21":1,"22":1,"23":0,"24":0},"f":{"0":1,"1":1,"2":1,"3":1},"b":{"0":[0,1],"1":[1,0]},"_coverageSchema":"1a1c01bbd47fc00a2c39e90264f33305004495a9","hash":"5f631810b0edecf3844e1dbb44c8b0631bea21ef"}
,"C:\\Users\\ragha\\Desktop\\KANUPRIYA\\Final Task 6\\controllers\\follow.js": {"path":"C:\\Users\\ragha\\Desktop\\KANUPRIYA\\Final Task 6\\controllers\\follow.js","statementMap":{"0":{"start":{"line":4,"column":2},"end":{"line":29,"column":3}},"1":{"start":{"line":5,"column":23},"end":{"line":5,"column":68}},"2":{"start":{"line":7,"column":21},"end":{"line":20,"column":6}},"3":{"start":{"line":8,"column":6},"end":{"line":18,"column":7}},"4":{"start":{"line":9,"column":8},"end":{"line":12,"column":11}},"5":{"start":{"line":13,"column":13},"end":{"line":18,"column":7}},"6":{"start":{"line":14,"column":8},"end":{"line":17,"column":11}},"7":{"start":{"line":19,"column":6},"end":{"line":19,"column":20}},"8":{"start":{"line":22,"column":29},"end":{"line":22,"column":56}},"9":{"start":{"line":24,"column":4},"end":{"line":24,"column":43}},"10":{"start":{"line":26,"column":4},"end":{"line":28,"column":72}},"11":{"start":{"line":33,"column":2},"end":{"line":50,"column":3}},"12":{"start":{"line":34,"column":56},"end":{"line":34,"column":64}},"13":{"start":{"line":35,"column":22},"end":{"line":40,"column":6}},"14":{"start":{"line":42,"column":4},"end":{"line":42,"column":27}},"15":{"start":{"line":43,"column":4},"end":{"line":45,"column":75}},"16":{"start":{"line":47,"column":4},"end":{"line":49,"column":74}},"17":{"start":{"line":54,"column":22},"end":{"line":54,"column":35}},"18":{"start":{"line":55,"column":2},"end":{"line":66,"column":3}},"19":{"start":{"line":56,"column":4},"end":{"line":56,"column":48}},"20":{"start":{"line":57,"column":4},"end":{"line":60,"column":7}},"21":{"start":{"line":61,"column":4},"end":{"line":61,"column":65}},"22":{"start":{"line":63,"column":4},"end":{"line":65,"column":69}},"23":{"start":{"line":70,"column":17},"end":{"line":70,"column":30}},"24":{"start":{"line":71,"column":2},"end":{"line":82,"column":3}},"25":{"start":{"line":72,"column":22},"end":{"line":75,"column":6}},"26":{"start":{"line":76,"column":17},"end":{"line":76,"column":71}},"27":{"start":{"line":76,"column":45},"end":{"line":76,"column":70}},"28":{"start":{"line":77,"column":4},"end":{"line":77,"column":35}},"29":{"start":{"line":79,"column":4},"end":{"line":81,"column":79}},"30":{"start":{"line":86,"column":2},"end":{"line":117,"column":3}},"31":{"start":{"line":87,"column":22},"end":{"line":87,"column":75}},"32":{"start":{"line":88,"column":21},"end":{"line":101,"column":6}},"33":{"start":{"line":89,"column":6},"end":{"line":99,"column":7}},"34":{"start":{"line":90,"column":8},"end":{"line":93,"column":11}},"35":{"start":{"line":94,"column":13},"end":{"line":99,"column":7}},"36":{"start":{"line":95,"column":8},"end":{"line":98,"column":11}},"37":{"start":{"line":100,"column":6},"end":{"line":100,"column":20}},"38":{"start":{"line":102,"column":31},"end":{"line":102,"column":58}},"39":{"start":{"line":104,"column":18},"end":{"line":110,"column":6}},"40":{"start":{"line":105,"column":24},"end":{"line":105,"column":43}},"41":{"start":{"line":106,"column":6},"end":{"line":108,"column":7}},"42":{"start":{"line":107,"column":8},"end":{"line":107,"column":30}},"43":{"start":{"line":109,"column":6},"end":{"line":109,"column":18}},"44":{"start":{"line":112,"column":4},"end":{"line":112,"column":36}},"45":{"start":{"line":114,"column":4},"end":{"line":116,"column":79}},"46":{"start":{"line":121,"column":2},"end":{"line":134,"column":3}},"47":{"start":{"line":122,"column":27},"end":{"line":130,"column":6}},"48":{"start":{"line":131,"column":4},"end":{"line":131,"column":41}},"49":{"start":{"line":133,"column":4},"end":{"line":133,"column":51}}},"fnMap":{"0":{"name":"displayfollow","decl":{"start":{"line":3,"column":15},"end":{"line":3,"column":28}},"loc":{"start":{"line":3,"column":39},"end":{"line":30,"column":1}},"line":3},"1":{"name":"(anonymous_1)","decl":{"start":{"line":7,"column":36},"end":{"line":7,"column":37}},"loc":{"start":{"line":7,"column":54},"end":{"line":20,"column":5}},"line":7},"2":{"name":"postfollow","decl":{"start":{"line":32,"column":15},"end":{"line":32,"column":25}},"loc":{"start":{"line":32,"column":36},"end":{"line":51,"column":1}},"line":32},"3":{"name":"deletefollow","decl":{"start":{"line":53,"column":15},"end":{"line":53,"column":27}},"loc":{"start":{"line":53,"column":38},"end":{"line":67,"column":1}},"line":53},"4":{"name":"getFollowers","decl":{"start":{"line":69,"column":15},"end":{"line":69,"column":27}},"loc":{"start":{"line":69,"column":38},"end":{"line":83,"column":1}},"line":69},"5":{"name":"(anonymous_5)","decl":{"start":{"line":76,"column":31},"end":{"line":76,"column":32}},"loc":{"start":{"line":76,"column":45},"end":{"line":76,"column":70}},"line":76},"6":{"name":"getFollowing","decl":{"start":{"line":85,"column":15},"end":{"line":85,"column":27}},"loc":{"start":{"line":85,"column":38},"end":{"line":118,"column":1}},"line":85},"7":{"name":"(anonymous_7)","decl":{"start":{"line":88,"column":35},"end":{"line":88,"column":36}},"loc":{"start":{"line":88,"column":53},"end":{"line":101,"column":5}},"line":88},"8":{"name":"(anonymous_8)","decl":{"start":{"line":104,"column":41},"end":{"line":104,"column":42}},"loc":{"start":{"line":104,"column":53},"end":{"line":110,"column":5}},"line":104},"9":{"name":"getCompanyFollowerCounts","decl":{"start":{"line":120,"column":15},"end":{"line":120,"column":39}},"loc":{"start":{"line":120,"column":50},"end":{"line":135,"column":1}},"line":120}},"branchMap":{"0":{"loc":{"start":{"line":8,"column":6},"end":{"line":18,"column":7}},"type":"if","locations":[{"start":{"line":8,"column":6},"end":{"line":18,"column":7}},{"start":{"line":13,"column":13},"end":{"line":18,"column":7}}],"line":8},"1":{"loc":{"start":{"line":13,"column":13},"end":{"line":18,"column":7}},"type":"if","locations":[{"start":{"line":13,"column":13},"end":{"line":18,"column":7}},{"start":{},"end":{}}],"line":13},"2":{"loc":{"start":{"line":89,"column":6},"end":{"line":99,"column":7}},"type":"if","locations":[{"start":{"line":89,"column":6},"end":{"line":99,"column":7}},{"start":{"line":94,"column":13},"end":{"line":99,"column":7}}],"line":89},"3":{"loc":{"start":{"line":94,"column":13},"end":{"line":99,"column":7}},"type":"if","locations":[{"start":{"line":94,"column":13},"end":{"line":99,"column":7}},{"start":{},"end":{}}],"line":94},"4":{"loc":{"start":{"line":106,"column":6},"end":{"line":108,"column":7}},"type":"if","locations":[{"start":{"line":106,"column":6},"end":{"line":108,"column":7}},{"start":{},"end":{}}],"line":106}},"s":{"0":0,"1":0,"2":0,"3":0,"4":0,"5":0,"6":0,"7":0,"8":0,"9":0,"10":0,"11":0,"12":0,"13":0,"14":0,"15":0,"16":0,"17":0,"18":0,"19":0,"20":0,"21":0,"22":0,"23":0,"24":0,"25":0,"26":0,"27":0,"28":0,"29":0,"30":0,"31":0,"32":0,"33":0,"34":0,"35":0,"36":0,"37":0,"38":0,"39":0,"40":0,"41":0,"42":0,"43":0,"44":0,"45":0,"46":0,"47":0,"48":0,"49":0},"f":{"0":0,"1":0,"2":0,"3":0,"4":0,"5":0,"6":0,"7":0,"8":0,"9":0},"b":{"0":[0,0],"1":[0,0],"2":[0,0],"3":[0,0],"4":[0,0]},"_coverageSchema":"1a1c01bbd47fc00a2c39e90264f33305004495a9","hash":"5235ac09d731ad49ef04abe24888e6245c5af1ba"}
,"C:\\Users\\ragha\\Desktop\\KANUPRIYA\\Final Task 6\\controllers\\job.js": {"path":"C:\\Users\\ragha\\Desktop\\KANUPRIYA\\Final Task 6\\controllers\\job.js","statementMap":{"0":{"start":{"line":5,"column":2},"end":{"line":13,"column":3}},"1":{"start":{"line":6,"column":20},"end":{"line":8,"column":55}},"2":{"start":{"line":10,"column":4},"end":{"line":10,"column":34}},"3":{"start":{"line":12,"column":4},"end":{"line":12,"column":82}},"4":{"start":{"line":17,"column":4},"end":{"line":36,"column":5}},"5":{"start":{"line":18,"column":87},"end":{"line":18,"column":95}},"6":{"start":{"line":21,"column":23},"end":{"line":30,"column":10}},"7":{"start":{"line":32,"column":8},"end":{"line":32,"column":28}},"8":{"start":{"line":33,"column":8},"end":{"line":33,"column":83}},"9":{"start":{"line":35,"column":8},"end":{"line":35,"column":88}},"10":{"start":{"line":42,"column":4},"end":{"line":55,"column":5}},"11":{"start":{"line":43,"column":22},"end":{"line":43,"column":35}},"12":{"start":{"line":44,"column":24},"end":{"line":44,"column":32}},"13":{"start":{"line":46,"column":27},"end":{"line":46,"column":106}},"14":{"start":{"line":48,"column":8},"end":{"line":50,"column":9}},"15":{"start":{"line":49,"column":12},"end":{"line":49,"column":70}},"16":{"start":{"line":52,"column":8},"end":{"line":52,"column":87}},"17":{"start":{"line":54,"column":8},"end":{"line":54,"column":88}},"18":{"start":{"line":60,"column":4},"end":{"line":72,"column":5}},"19":{"start":{"line":61,"column":22},"end":{"line":61,"column":35}},"20":{"start":{"line":63,"column":27},"end":{"line":63,"column":61}},"21":{"start":{"line":65,"column":8},"end":{"line":67,"column":9}},"22":{"start":{"line":66,"column":12},"end":{"line":66,"column":70}},"23":{"start":{"line":69,"column":8},"end":{"line":69,"column":87}},"24":{"start":{"line":71,"column":8},"end":{"line":71,"column":88}}},"fnMap":{"0":{"name":"displayjob","decl":{"start":{"line":4,"column":15},"end":{"line":4,"column":25}},"loc":{"start":{"line":4,"column":36},"end":{"line":14,"column":1}},"line":4},"1":{"name":"postjob","decl":{"start":{"line":16,"column":15},"end":{"line":16,"column":22}},"loc":{"start":{"line":16,"column":33},"end":{"line":37,"column":1}},"line":16},"2":{"name":"updatejob","decl":{"start":{"line":41,"column":17},"end":{"line":41,"column":26}},"loc":{"start":{"line":41,"column":37},"end":{"line":56,"column":3}},"line":41},"3":{"name":"deletejob","decl":{"start":{"line":59,"column":17},"end":{"line":59,"column":26}},"loc":{"start":{"line":59,"column":37},"end":{"line":73,"column":3}},"line":59}},"branchMap":{"0":{"loc":{"start":{"line":48,"column":8},"end":{"line":50,"column":9}},"type":"if","locations":[{"start":{"line":48,"column":8},"end":{"line":50,"column":9}},{"start":{},"end":{}}],"line":48},"1":{"loc":{"start":{"line":65,"column":8},"end":{"line":67,"column":9}},"type":"if","locations":[{"start":{"line":65,"column":8},"end":{"line":67,"column":9}},{"start":{},"end":{}}],"line":65}},"s":{"0":0,"1":0,"2":0,"3":0,"4":0,"5":0,"6":0,"7":0,"8":0,"9":0,"10":0,"11":0,"12":0,"13":0,"14":0,"15":0,"16":0,"17":0,"18":0,"19":0,"20":0,"21":0,"22":0,"23":0,"24":0},"f":{"0":0,"1":0,"2":0,"3":0},"b":{"0":[0,0],"1":[0,0]},"_coverageSchema":"1a1c01bbd47fc00a2c39e90264f33305004495a9","hash":"b466d18c018745eb8d8081d789a076d6a3db7ac9"}
,"C:\\Users\\ragha\\Desktop\\KANUPRIYA\\Final Task 6\\controllers\\recruiter.js": {"path":"C:\\Users\\ragha\\Desktop\\KANUPRIYA\\Final Task 6\\controllers\\recruiter.js","statementMap":{"0":{"start":{"line":4,"column":16},"end":{"line":4,"column":37}},"1":{"start":{"line":7,"column":2},"end":{"line":18,"column":3}},"2":{"start":{"line":8,"column":19},"end":{"line":11,"column":6}},"3":{"start":{"line":13,"column":4},"end":{"line":13,"column":33}},"4":{"start":{"line":15,"column":4},"end":{"line":17,"column":75}},"5":{"start":{"line":22,"column":2},"end":{"line":59,"column":3}},"6":{"start":{"line":31,"column":8},"end":{"line":31,"column":16}},"7":{"start":{"line":32,"column":4},"end":{"line":34,"column":5}},"8":{"start":{"line":33,"column":6},"end":{"line":33,"column":56}},"9":{"start":{"line":36,"column":4},"end":{"line":38,"column":5}},"10":{"start":{"line":37,"column":6},"end":{"line":37,"column":60}},"11":{"start":{"line":40,"column":27},"end":{"line":40,"column":58}},"12":{"start":{"line":42,"column":19},"end":{"line":50,"column":6}},"13":{"start":{"line":52,"column":4},"end":{"line":52,"column":24}},"14":{"start":{"line":54,"column":4},"end":{"line":54,"column":80}},"15":{"start":{"line":56,"column":4},"end":{"line":58,"column":80}},"16":{"start":{"line":63,"column":2},"end":{"line":90,"column":3}},"17":{"start":{"line":64,"column":32},"end":{"line":64,"column":40}},"18":{"start":{"line":65,"column":4},"end":{"line":69,"column":5}},"19":{"start":{"line":66,"column":6},"end":{"line":68,"column":62}},"20":{"start":{"line":70,"column":24},"end":{"line":70,"column":59}},"21":{"start":{"line":71,"column":4},"end":{"line":73,"column":5}},"22":{"start":{"line":72,"column":6},"end":{"line":72,"column":76}},"23":{"start":{"line":74,"column":20},"end":{"line":74,"column":72}},"24":{"start":{"line":75,"column":4},"end":{"line":77,"column":5}},"25":{"start":{"line":76,"column":6},"end":{"line":76,"column":76}},"26":{"start":{"line":78,"column":18},"end":{"line":84,"column":5}},"27":{"start":{"line":85,"column":4},"end":{"line":85,"column":72}},"28":{"start":{"line":87,"column":4},"end":{"line":89,"column":70}},"29":{"start":{"line":94,"column":2},"end":{"line":114,"column":3}},"30":{"start":{"line":95,"column":18},"end":{"line":95,"column":35}},"31":{"start":{"line":96,"column":20},"end":{"line":96,"column":28}},"32":{"start":{"line":98,"column":23},"end":{"line":103,"column":5}},"33":{"start":{"line":105,"column":4},"end":{"line":107,"column":5}},"34":{"start":{"line":106,"column":6},"end":{"line":106,"column":72}},"35":{"start":{"line":109,"column":4},"end":{"line":111,"column":73}},"36":{"start":{"line":113,"column":4},"end":{"line":113,"column":75}},"37":{"start":{"line":118,"column":2},"end":{"line":132,"column":3}},"38":{"start":{"line":119,"column":18},"end":{"line":119,"column":35}},"39":{"start":{"line":120,"column":16},"end":{"line":120,"column":65}},"40":{"start":{"line":122,"column":4},"end":{"line":129,"column":5}},"41":{"start":{"line":123,"column":6},"end":{"line":126,"column":9}},"42":{"start":{"line":128,"column":6},"end":{"line":128,"column":63}},"43":{"start":{"line":131,"column":4},"end":{"line":131,"column":71}}},"fnMap":{"0":{"name":"displayRec","decl":{"start":{"line":6,"column":15},"end":{"line":6,"column":25}},"loc":{"start":{"line":6,"column":36},"end":{"line":19,"column":1}},"line":6},"1":{"name":"postRec","decl":{"start":{"line":21,"column":15},"end":{"line":21,"column":22}},"loc":{"start":{"line":21,"column":33},"end":{"line":60,"column":1}},"line":21},"2":{"name":"loginRec","decl":{"start":{"line":62,"column":15},"end":{"line":62,"column":23}},"loc":{"start":{"line":62,"column":34},"end":{"line":91,"column":1}},"line":62},"3":{"name":"updateRec","decl":{"start":{"line":93,"column":15},"end":{"line":93,"column":24}},"loc":{"start":{"line":93,"column":35},"end":{"line":115,"column":1}},"line":93},"4":{"name":"deleteRec","decl":{"start":{"line":117,"column":15},"end":{"line":117,"column":24}},"loc":{"start":{"line":117,"column":35},"end":{"line":133,"column":1}},"line":117}},"branchMap":{"0":{"loc":{"start":{"line":32,"column":4},"end":{"line":34,"column":5}},"type":"if","locations":[{"start":{"line":32,"column":4},"end":{"line":34,"column":5}},{"start":{},"end":{}}],"line":32},"1":{"loc":{"start":{"line":36,"column":4},"end":{"line":38,"column":5}},"type":"if","locations":[{"start":{"line":36,"column":4},"end":{"line":38,"column":5}},{"start":{},"end":{}}],"line":36},"2":{"loc":{"start":{"line":65,"column":4},"end":{"line":69,"column":5}},"type":"if","locations":[{"start":{"line":65,"column":4},"end":{"line":69,"column":5}},{"start":{},"end":{}}],"line":65},"3":{"loc":{"start":{"line":65,"column":8},"end":{"line":65,"column":27}},"type":"binary-expr","locations":[{"start":{"line":65,"column":8},"end":{"line":65,"column":14}},{"start":{"line":65,"column":18},"end":{"line":65,"column":27}}],"line":65},"4":{"loc":{"start":{"line":71,"column":4},"end":{"line":73,"column":5}},"type":"if","locations":[{"start":{"line":71,"column":4},"end":{"line":73,"column":5}},{"start":{},"end":{}}],"line":71},"5":{"loc":{"start":{"line":75,"column":4},"end":{"line":77,"column":5}},"type":"if","locations":[{"start":{"line":75,"column":4},"end":{"line":77,"column":5}},{"start":{},"end":{}}],"line":75},"6":{"loc":{"start":{"line":105,"column":4},"end":{"line":107,"column":5}},"type":"if","locations":[{"start":{"line":105,"column":4},"end":{"line":107,"column":5}},{"start":{},"end":{}}],"line":105},"7":{"loc":{"start":{"line":122,"column":4},"end":{"line":129,"column":5}},"type":"if","locations":[{"start":{"line":122,"column":4},"end":{"line":129,"column":5}},{"start":{"line":127,"column":11},"end":{"line":129,"column":5}}],"line":122}},"s":{"0":1,"1":0,"2":0,"3":0,"4":0,"5":0,"6":0,"7":0,"8":0,"9":0,"10":0,"11":0,"12":0,"13":0,"14":0,"15":0,"16":0,"17":0,"18":0,"19":0,"20":0,"21":0,"22":0,"23":0,"24":0,"25":0,"26":0,"27":0,"28":0,"29":0,"30":0,"31":0,"32":0,"33":0,"34":0,"35":0,"36":0,"37":0,"38":0,"39":0,"40":0,"41":0,"42":0,"43":0},"f":{"0":0,"1":0,"2":0,"3":0,"4":0},"b":{"0":[0,0],"1":[0,0],"2":[0,0],"3":[0,0],"4":[0,0],"5":[0,0],"6":[0,0],"7":[0,0]},"_coverageSchema":"1a1c01bbd47fc00a2c39e90264f33305004495a9","hash":"8519eb346561a7cbcdf6d1acb9b7f0bc13284d33"}
,"C:\\Users\\ragha\\Desktop\\KANUPRIYA\\Final Task 6\\controllers\\user.js": {"path":"C:\\Users\\ragha\\Desktop\\KANUPRIYA\\Final Task 6\\controllers\\user.js","statementMap":{"0":{"start":{"line":3,"column":0},"end":{"line":3,"column":16}},"1":{"start":{"line":9,"column":16},"end":{"line":9,"column":37}},"2":{"start":{"line":11,"column":2},"end":{"line":79,"column":3}},"3":{"start":{"line":12,"column":55},"end":{"line":12,"column":63}},"4":{"start":{"line":13,"column":4},"end":{"line":15,"column":5}},"5":{"start":{"line":14,"column":6},"end":{"line":14,"column":60}},"6":{"start":{"line":16,"column":4},"end":{"line":24,"column":5}},"7":{"start":{"line":23,"column":6},"end":{"line":23,"column":76}},"8":{"start":{"line":26,"column":29},"end":{"line":26,"column":55}},"9":{"start":{"line":27,"column":29},"end":{"line":27,"column":75}},"10":{"start":{"line":30,"column":4},"end":{"line":43,"column":5}},"11":{"start":{"line":31,"column":33},"end":{"line":37,"column":7}},"12":{"start":{"line":38,"column":6},"end":{"line":38,"column":52}},"13":{"start":{"line":40,"column":6},"end":{"line":42,"column":80}},"14":{"start":{"line":45,"column":23},"end":{"line":45,"column":42}},"15":{"start":{"line":46,"column":27},"end":{"line":46,"column":67}},"16":{"start":{"line":49,"column":4},"end":{"line":59,"column":5}},"17":{"start":{"line":50,"column":27},"end":{"line":53,"column":8}},"18":{"start":{"line":54,"column":6},"end":{"line":54,"column":39}},"19":{"start":{"line":56,"column":6},"end":{"line":58,"column":73}},"20":{"start":{"line":60,"column":27},"end":{"line":60,"column":58}},"21":{"start":{"line":62,"column":22},"end":{"line":70,"column":6}},"22":{"start":{"line":72,"column":4},"end":{"line":72,"column":27}},"23":{"start":{"line":73,"column":4},"end":{"line":73,"column":69}},"24":{"start":{"line":75,"column":4},"end":{"line":75,"column":35}},"25":{"start":{"line":76,"column":4},"end":{"line":78,"column":75}},"26":{"start":{"line":83,"column":2},"end":{"line":129,"column":3}},"27":{"start":{"line":84,"column":32},"end":{"line":84,"column":40}},"28":{"start":{"line":85,"column":4},"end":{"line":89,"column":5}},"29":{"start":{"line":86,"column":6},"end":{"line":88,"column":62}},"30":{"start":{"line":91,"column":24},"end":{"line":91,"column":55}},"31":{"start":{"line":92,"column":4},"end":{"line":94,"column":5}},"32":{"start":{"line":93,"column":6},"end":{"line":93,"column":76}},"33":{"start":{"line":95,"column":20},"end":{"line":95,"column":72}},"34":{"start":{"line":96,"column":4},"end":{"line":98,"column":5}},"35":{"start":{"line":97,"column":6},"end":{"line":97,"column":76}},"36":{"start":{"line":99,"column":22},"end":{"line":105,"column":6}},"37":{"start":{"line":106,"column":22},"end":{"line":111,"column":5}},"38":{"start":{"line":112,"column":4},"end":{"line":120,"column":5}},"39":{"start":{"line":113,"column":6},"end":{"line":113,"column":46}},"40":{"start":{"line":114,"column":6},"end":{"line":114,"column":46}},"41":{"start":{"line":116,"column":6},"end":{"line":116,"column":61}},"42":{"start":{"line":117,"column":6},"end":{"line":119,"column":72}},"43":{"start":{"line":121,"column":18},"end":{"line":123,"column":6}},"44":{"start":{"line":124,"column":4},"end":{"line":124,"column":72}},"45":{"start":{"line":126,"column":4},"end":{"line":128,"column":70}},"46":{"start":{"line":133,"column":6},"end":{"line":210,"column":7}},"47":{"start":{"line":134,"column":23},"end":{"line":134,"column":40}},"48":{"start":{"line":135,"column":21},"end":{"line":135,"column":50}},"49":{"start":{"line":136,"column":8},"end":{"line":138,"column":9}},"50":{"start":{"line":137,"column":10},"end":{"line":137,"column":69}},"51":{"start":{"line":144,"column":8},"end":{"line":163,"column":9}},"52":{"start":{"line":145,"column":10},"end":{"line":145,"column":77}},"53":{"start":{"line":146,"column":35},"end":{"line":146,"column":53}},"54":{"start":{"line":147,"column":34},"end":{"line":147,"column":81}},"55":{"start":{"line":149,"column":10},"end":{"line":149,"column":70}},"56":{"start":{"line":151,"column":25},"end":{"line":155,"column":12}},"57":{"start":{"line":157,"column":10},"end":{"line":157,"column":59}},"58":{"start":{"line":160,"column":10},"end":{"line":160,"column":44}},"59":{"start":{"line":162,"column":10},"end":{"line":162,"column":52}},"60":{"start":{"line":166,"column":8},"end":{"line":186,"column":9}},"61":{"start":{"line":167,"column":10},"end":{"line":167,"column":63}},"62":{"start":{"line":168,"column":36},"end":{"line":168,"column":47}},"63":{"start":{"line":169,"column":33},"end":{"line":169,"column":81}},"64":{"start":{"line":171,"column":10},"end":{"line":171,"column":76}},"65":{"start":{"line":173,"column":25},"end":{"line":178,"column":12}},"66":{"start":{"line":180,"column":10},"end":{"line":180,"column":70}},"67":{"start":{"line":183,"column":10},"end":{"line":183,"column":37}},"68":{"start":{"line":185,"column":10},"end":{"line":185,"column":45}},"69":{"start":{"line":189,"column":27},"end":{"line":191,"column":41}},"70":{"start":{"line":192,"column":8},"end":{"line":192,"column":68}},"71":{"start":{"line":192,"column":27},"end":{"line":192,"column":68}},"72":{"start":{"line":193,"column":8},"end":{"line":193,"column":47}},"73":{"start":{"line":193,"column":20},"end":{"line":193,"column":47}},"74":{"start":{"line":196,"column":28},"end":{"line":200,"column":9}},"75":{"start":{"line":202,"column":8},"end":{"line":204,"column":9}},"76":{"start":{"line":203,"column":10},"end":{"line":203,"column":69}},"77":{"start":{"line":206,"column":8},"end":{"line":206,"column":84}},"78":{"start":{"line":208,"column":8},"end":{"line":208,"column":53}},"79":{"start":{"line":209,"column":8},"end":{"line":209,"column":72}},"80":{"start":{"line":214,"column":2},"end":{"line":297,"column":3}},"81":{"start":{"line":215,"column":19},"end":{"line":215,"column":36}},"82":{"start":{"line":217,"column":17},"end":{"line":217,"column":46}},"83":{"start":{"line":218,"column":4},"end":{"line":220,"column":5}},"84":{"start":{"line":219,"column":6},"end":{"line":219,"column":65}},"85":{"start":{"line":250,"column":2},"end":{"line":261,"column":3}},"86":{"start":{"line":251,"column":4},"end":{"line":258,"column":5}},"87":{"start":{"line":252,"column":30},"end":{"line":252,"column":99}},"88":{"start":{"line":253,"column":6},"end":{"line":253,"column":57}},"89":{"start":{"line":254,"column":36},"end":{"line":254,"column":104}},"90":{"start":{"line":255,"column":6},"end":{"line":255,"column":69}},"91":{"start":{"line":257,"column":6},"end":{"line":257,"column":60}},"92":{"start":{"line":260,"column":4},"end":{"line":260,"column":47}},"93":{"start":{"line":263,"column":2},"end":{"line":277,"column":3}},"94":{"start":{"line":264,"column":4},"end":{"line":274,"column":5}},"95":{"start":{"line":265,"column":24},"end":{"line":265,"column":35}},"96":{"start":{"line":266,"column":27},"end":{"line":266,"column":94}},"97":{"start":{"line":267,"column":6},"end":{"line":267,"column":44}},"98":{"start":{"line":268,"column":6},"end":{"line":268,"column":65}},"99":{"start":{"line":270,"column":35},"end":{"line":270,"column":96}},"100":{"start":{"line":271,"column":6},"end":{"line":271,"column":67}},"101":{"start":{"line":273,"column":6},"end":{"line":273,"column":53}},"102":{"start":{"line":276,"column":4},"end":{"line":276,"column":40}},"103":{"start":{"line":292,"column":4},"end":{"line":292,"column":43}},"104":{"start":{"line":293,"column":4},"end":{"line":293,"column":67}},"105":{"start":{"line":295,"column":4},"end":{"line":295,"column":49}},"106":{"start":{"line":296,"column":4},"end":{"line":296,"column":68}}},"fnMap":{"0":{"name":"postperson","decl":{"start":{"line":10,"column":15},"end":{"line":10,"column":25}},"loc":{"start":{"line":10,"column":36},"end":{"line":80,"column":1}},"line":10},"1":{"name":"loginperson","decl":{"start":{"line":82,"column":15},"end":{"line":82,"column":26}},"loc":{"start":{"line":82,"column":37},"end":{"line":130,"column":1}},"line":82},"2":{"name":"update_user","decl":{"start":{"line":132,"column":19},"end":{"line":132,"column":30}},"loc":{"start":{"line":132,"column":41},"end":{"line":211,"column":5}},"line":132},"3":{"name":"delete_user","decl":{"start":{"line":213,"column":15},"end":{"line":213,"column":26}},"loc":{"start":{"line":213,"column":37},"end":{"line":298,"column":1}},"line":213}},"branchMap":{"0":{"loc":{"start":{"line":13,"column":4},"end":{"line":15,"column":5}},"type":"if","locations":[{"start":{"line":13,"column":4},"end":{"line":15,"column":5}},{"start":{},"end":{}}],"line":13},"1":{"loc":{"start":{"line":16,"column":4},"end":{"line":24,"column":5}},"type":"if","locations":[{"start":{"line":16,"column":4},"end":{"line":24,"column":5}},{"start":{},"end":{}}],"line":16},"2":{"loc":{"start":{"line":17,"column":6},"end":{"line":21,"column":35}},"type":"binary-expr","locations":[{"start":{"line":17,"column":6},"end":{"line":17,"column":16}},{"start":{"line":18,"column":6},"end":{"line":18,"column":30}},{"start":{"line":19,"column":6},"end":{"line":19,"column":42}},{"start":{"line":20,"column":6},"end":{"line":20,"column":23}},{"start":{"line":21,"column":6},"end":{"line":21,"column":35}}],"line":17},"3":{"loc":{"start":{"line":85,"column":4},"end":{"line":89,"column":5}},"type":"if","locations":[{"start":{"line":85,"column":4},"end":{"line":89,"column":5}},{"start":{},"end":{}}],"line":85},"4":{"loc":{"start":{"line":85,"column":8},"end":{"line":85,"column":27}},"type":"binary-expr","locations":[{"start":{"line":85,"column":8},"end":{"line":85,"column":14}},{"start":{"line":85,"column":18},"end":{"line":85,"column":27}}],"line":85},"5":{"loc":{"start":{"line":92,"column":4},"end":{"line":94,"column":5}},"type":"if","locations":[{"start":{"line":92,"column":4},"end":{"line":94,"column":5}},{"start":{},"end":{}}],"line":92},"6":{"loc":{"start":{"line":96,"column":4},"end":{"line":98,"column":5}},"type":"if","locations":[{"start":{"line":96,"column":4},"end":{"line":98,"column":5}},{"start":{},"end":{}}],"line":96},"7":{"loc":{"start":{"line":136,"column":8},"end":{"line":138,"column":9}},"type":"if","locations":[{"start":{"line":136,"column":8},"end":{"line":138,"column":9}},{"start":{},"end":{}}],"line":136},"8":{"loc":{"start":{"line":144,"column":8},"end":{"line":163,"column":9}},"type":"if","locations":[{"start":{"line":144,"column":8},"end":{"line":163,"column":9}},{"start":{"line":161,"column":15},"end":{"line":163,"column":9}}],"line":144},"9":{"loc":{"start":{"line":144,"column":12},"end":{"line":144,"column":48}},"type":"binary-expr","locations":[{"start":{"line":144,"column":12},"end":{"line":144,"column":21}},{"start":{"line":144,"column":25},"end":{"line":144,"column":48}}],"line":144},"10":{"loc":{"start":{"line":166,"column":8},"end":{"line":186,"column":9}},"type":"if","locations":[{"start":{"line":166,"column":8},"end":{"line":186,"column":9}},{"start":{"line":184,"column":15},"end":{"line":186,"column":9}}],"line":166},"11":{"loc":{"start":{"line":166,"column":12},"end":{"line":166,"column":41}},"type":"binary-expr","locations":[{"start":{"line":166,"column":12},"end":{"line":166,"column":21}},{"start":{"line":166,"column":25},"end":{"line":166,"column":41}}],"line":166},"12":{"loc":{"start":{"line":192,"column":8},"end":{"line":192,"column":68}},"type":"if","locations":[{"start":{"line":192,"column":8},"end":{"line":192,"column":68}},{"start":{},"end":{}}],"line":192},"13":{"loc":{"start":{"line":193,"column":8},"end":{"line":193,"column":47}},"type":"if","locations":[{"start":{"line":193,"column":8},"end":{"line":193,"column":47}},{"start":{},"end":{}}],"line":193},"14":{"loc":{"start":{"line":202,"column":8},"end":{"line":204,"column":9}},"type":"if","locations":[{"start":{"line":202,"column":8},"end":{"line":204,"column":9}},{"start":{},"end":{}}],"line":202},"15":{"loc":{"start":{"line":218,"column":4},"end":{"line":220,"column":5}},"type":"if","locations":[{"start":{"line":218,"column":4},"end":{"line":220,"column":5}},{"start":{},"end":{}}],"line":218},"16":{"loc":{"start":{"line":250,"column":2},"end":{"line":261,"column":3}},"type":"if","locations":[{"start":{"line":250,"column":2},"end":{"line":261,"column":3}},{"start":{"line":259,"column":9},"end":{"line":261,"column":3}}],"line":250},"17":{"loc":{"start":{"line":263,"column":2},"end":{"line":277,"column":3}},"type":"if","locations":[{"start":{"line":263,"column":2},"end":{"line":277,"column":3}},{"start":{"line":275,"column":9},"end":{"line":277,"column":3}}],"line":263}},"s":{"0":1,"1":1,"2":0,"3":0,"4":0,"5":0,"6":0,"7":0,"8":0,"9":0,"10":0,"11":0,"12":0,"13":0,"14":0,"15":0,"16":0,"17":0,"18":0,"19":0,"20":0,"21":0,"22":0,"23":0,"24":0,"25":0,"26":0,"27":0,"28":0,"29":0,"30":0,"31":0,"32":0,"33":0,"34":0,"35":0,"36":0,"37":0,"38":0,"39":0,"40":0,"41":0,"42":0,"43":0,"44":0,"45":0,"46":0,"47":0,"48":0,"49":0,"50":0,"51":0,"52":0,"53":0,"54":0,"55":0,"56":0,"57":0,"58":0,"59":0,"60":0,"61":0,"62":0,"63":0,"64":0,"65":0,"66":0,"67":0,"68":0,"69":0,"70":0,"71":0,"72":0,"73":0,"74":0,"75":0,"76":0,"77":0,"78":0,"79":0,"80":0,"81":0,"82":0,"83":0,"84":0,"85":0,"86":0,"87":0,"88":0,"89":0,"90":0,"91":0,"92":0,"93":0,"94":0,"95":0,"96":0,"97":0,"98":0,"99":0,"100":0,"101":0,"102":0,"103":0,"104":0,"105":0,"106":0},"f":{"0":0,"1":0,"2":0,"3":0},"b":{"0":[0,0],"1":[0,0],"2":[0,0,0,0,0],"3":[0,0],"4":[0,0],"5":[0,0],"6":[0,0],"7":[0,0],"8":[0,0],"9":[0,0],"10":[0,0],"11":[0,0],"12":[0,0],"13":[0,0],"14":[0,0],"15":[0,0],"16":[0,0],"17":[0,0]},"_coverageSchema":"1a1c01bbd47fc00a2c39e90264f33305004495a9","hash":"c3dd49b0cd7f35530f04d42d3a2d2b9ef5885ee3"}
,"C:\\Users\\ragha\\Desktop\\KANUPRIYA\\Final Task 6\\middlewares\\authentication.js": {"path":"C:\\Users\\ragha\\Desktop\\KANUPRIYA\\Final Task 6\\middlewares\\authentication.js","statementMap":{"0":{"start":{"line":3,"column":0},"end":{"line":3,"column":16}},"1":{"start":{"line":4,"column":18},"end":{"line":4,"column":39}},"2":{"start":{"line":6,"column":25},"end":{"line":6,"column":53}},"3":{"start":{"line":7,"column":4},"end":{"line":20,"column":5}},"4":{"start":{"line":8,"column":19},"end":{"line":8,"column":31}},"5":{"start":{"line":9,"column":6},"end":{"line":9,"column":24}},"6":{"start":{"line":10,"column":6},"end":{"line":17,"column":9}},"7":{"start":{"line":11,"column":8},"end":{"line":16,"column":9}},"8":{"start":{"line":12,"column":10},"end":{"line":12,"column":65}},"9":{"start":{"line":14,"column":10},"end":{"line":14,"column":28}},"10":{"start":{"line":15,"column":10},"end":{"line":15,"column":17}},"11":{"start":{"line":19,"column":6},"end":{"line":19,"column":68}},"12":{"start":{"line":24,"column":25},"end":{"line":24,"column":53}},"13":{"start":{"line":25,"column":4},"end":{"line":38,"column":5}},"14":{"start":{"line":26,"column":19},"end":{"line":26,"column":31}},"15":{"start":{"line":27,"column":6},"end":{"line":27,"column":24}},"16":{"start":{"line":28,"column":6},"end":{"line":35,"column":9}},"17":{"start":{"line":29,"column":8},"end":{"line":34,"column":9}},"18":{"start":{"line":30,"column":10},"end":{"line":30,"column":65}},"19":{"start":{"line":32,"column":10},"end":{"line":32,"column":28}},"20":{"start":{"line":33,"column":10},"end":{"line":33,"column":17}},"21":{"start":{"line":37,"column":6},"end":{"line":37,"column":68}}},"fnMap":{"0":{"name":"verifyToken","decl":{"start":{"line":5,"column":9},"end":{"line":5,"column":20}},"loc":{"start":{"line":5,"column":37},"end":{"line":21,"column":3}},"line":5},"1":{"name":"(anonymous_1)","decl":{"start":{"line":10,"column":35},"end":{"line":10,"column":36}},"loc":{"start":{"line":10,"column":50},"end":{"line":17,"column":7}},"line":10},"2":{"name":"verifyRec","decl":{"start":{"line":23,"column":11},"end":{"line":23,"column":20}},"loc":{"start":{"line":23,"column":37},"end":{"line":39,"column":3}},"line":23},"3":{"name":"(anonymous_3)","decl":{"start":{"line":28,"column":35},"end":{"line":28,"column":36}},"loc":{"start":{"line":28,"column":50},"end":{"line":35,"column":7}},"line":28}},"branchMap":{"0":{"loc":{"start":{"line":7,"column":4},"end":{"line":20,"column":5}},"type":"if","locations":[{"start":{"line":7,"column":4},"end":{"line":20,"column":5}},{"start":{"line":18,"column":11},"end":{"line":20,"column":5}}],"line":7},"1":{"loc":{"start":{"line":11,"column":8},"end":{"line":16,"column":9}},"type":"if","locations":[{"start":{"line":11,"column":8},"end":{"line":16,"column":9}},{"start":{"line":13,"column":15},"end":{"line":16,"column":9}}],"line":11},"2":{"loc":{"start":{"line":25,"column":4},"end":{"line":38,"column":5}},"type":"if","locations":[{"start":{"line":25,"column":4},"end":{"line":38,"column":5}},{"start":{"line":36,"column":11},"end":{"line":38,"column":5}}],"line":25},"3":{"loc":{"start":{"line":29,"column":8},"end":{"line":34,"column":9}},"type":"if","locations":[{"start":{"line":29,"column":8},"end":{"line":34,"column":9}},{"start":{"line":31,"column":15},"end":{"line":34,"column":9}}],"line":29}},"s":{"0":1,"1":1,"2":0,"3":0,"4":0,"5":0,"6":0,"7":0,"8":0,"9":0,"10":0,"11":0,"12":0,"13":0,"14":0,"15":0,"16":0,"17":0,"18":0,"19":0,"20":0,"21":0},"f":{"0":0,"1":0,"2":0,"3":0},"b":{"0":[0,0],"1":[0,0],"2":[0,0],"3":[0,0]},"_coverageSchema":"1a1c01bbd47fc00a2c39e90264f33305004495a9","hash":"65ab000b394f7fe375142d076a74d03fe11d392e"}
,"C:\\Users\\ragha\\Desktop\\KANUPRIYA\\Final Task 6\\middlewares\\multer.js": {"path":"C:\\Users\\ragha\\Desktop\\KANUPRIYA\\Final Task 6\\middlewares\\multer.js","statementMap":{"0":{"start":{"line":3,"column":16},"end":{"line":7,"column":2}},"1":{"start":{"line":5,"column":4},"end":{"line":5,"column":32}},"2":{"start":{"line":9,"column":14},"end":{"line":17,"column":2}}},"fnMap":{"0":{"name":"(anonymous_0)","decl":{"start":{"line":4,"column":12},"end":{"line":4,"column":13}},"loc":{"start":{"line":4,"column":37},"end":{"line":6,"column":3}},"line":4}},"branchMap":{},"s":{"0":1,"1":0,"2":1},"f":{"0":0},"b":{},"_coverageSchema":"1a1c01bbd47fc00a2c39e90264f33305004495a9","hash":"01d3fdb208c766d52a817b9e42d5b2cb04b71d52"}
,"C:\\Users\\ragha\\Desktop\\KANUPRIYA\\Final Task 6\\models\\application.js": {"path":"C:\\Users\\ragha\\Desktop\\KANUPRIYA\\Final Task 6\\models\\application.js","statementMap":{"0":{"start":{"line":3,"column":26},"end":{"line":25,"column":2}},"1":{"start":{"line":27,"column":20},"end":{"line":27,"column":68}}},"fnMap":{},"branchMap":{},"s":{"0":1,"1":1},"f":{},"b":{},"_coverageSchema":"1a1c01bbd47fc00a2c39e90264f33305004495a9","hash":"28c59bed82a2aa8e31e4cfc99376b9f99ea7cd76"}
,"C:\\Users\\ragha\\Desktop\\KANUPRIYA\\Final Task 6\\models\\blog.js": {"path":"C:\\Users\\ragha\\Desktop\\KANUPRIYA\\Final Task 6\\models\\blog.js","statementMap":{"0":{"start":{"line":2,"column":19},"end":{"line":30,"column":2}},"1":{"start":{"line":31,"column":13},"end":{"line":31,"column":47}}},"fnMap":{},"branchMap":{},"s":{"0":1,"1":1},"f":{},"b":{},"_coverageSchema":"1a1c01bbd47fc00a2c39e90264f33305004495a9","hash":"7cc82ce6cd947eac08cb2f59d733325e0a0ff186"}
,"C:\\Users\\ragha\\Desktop\\KANUPRIYA\\Final Task 6\\models\\company.js": {"path":"C:\\Users\\ragha\\Desktop\\KANUPRIYA\\Final Task 6\\models\\company.js","statementMap":{"0":{"start":{"line":3,"column":15},"end":{"line":12,"column":2}},"1":{"start":{"line":13,"column":16},"end":{"line":13,"column":49}}},"fnMap":{},"branchMap":{},"s":{"0":1,"1":1},"f":{},"b":{},"_coverageSchema":"1a1c01bbd47fc00a2c39e90264f33305004495a9","hash":"240e1d4d8d34bea7e2954a5c6c1be00b4828c28c"}
,"C:\\Users\\ragha\\Desktop\\KANUPRIYA\\Final Task 6\\models\\follow.js": {"path":"C:\\Users\\ragha\\Desktop\\KANUPRIYA\\Final Task 6\\models\\follow.js","statementMap":{"0":{"start":{"line":2,"column":15},"end":{"line":19,"column":2}},"1":{"start":{"line":21,"column":15},"end":{"line":21,"column":47}}},"fnMap":{},"branchMap":{},"s":{"0":1,"1":1},"f":{},"b":{},"_coverageSchema":"1a1c01bbd47fc00a2c39e90264f33305004495a9","hash":"eb853a853f4fcf643489c405a76d4561c2f05ca7"}
,"C:\\Users\\ragha\\Desktop\\KANUPRIYA\\Final Task 6\\models\\job.js": {"path":"C:\\Users\\ragha\\Desktop\\KANUPRIYA\\Final Task 6\\models\\job.js","statementMap":{"0":{"start":{"line":2,"column":18},"end":{"line":37,"column":2}},"1":{"start":{"line":40,"column":12},"end":{"line":40,"column":44}}},"fnMap":{},"branchMap":{},"s":{"0":1,"1":1},"f":{},"b":{},"_coverageSchema":"1a1c01bbd47fc00a2c39e90264f33305004495a9","hash":"210b6452e335a5d40b30dac93e9f22e4ca2b3c30"}
,"C:\\Users\\ragha\\Desktop\\KANUPRIYA\\Final Task 6\\models\\recruiter.js": {"path":"C:\\Users\\ragha\\Desktop\\KANUPRIYA\\Final Task 6\\models\\recruiter.js","statementMap":{"0":{"start":{"line":3,"column":14},"end":{"line":15,"column":2}},"1":{"start":{"line":16,"column":18},"end":{"line":16,"column":54}}},"fnMap":{},"branchMap":{},"s":{"0":1,"1":1},"f":{},"b":{},"_coverageSchema":"1a1c01bbd47fc00a2c39e90264f33305004495a9","hash":"b45a3efdeae5af34c4fb65221a27b7ecd45d3164"}
,"C:\\Users\\ragha\\Desktop\\KANUPRIYA\\Final Task 6\\models\\user.js": {"path":"C:\\Users\\ragha\\Desktop\\KANUPRIYA\\Final Task 6\\models\\user.js","statementMap":{"0":{"start":{"line":2,"column":15},"end":{"line":24,"column":2}},"1":{"start":{"line":25,"column":15},"end":{"line":25,"column":47}}},"fnMap":{},"branchMap":{},"s":{"0":1,"1":1},"f":{},"b":{},"_coverageSchema":"1a1c01bbd47fc00a2c39e90264f33305004495a9","hash":"37ca8eb7bcf2f4721a4f42f799d9d734d4d9ae71"}
,"C:\\Users\\ragha\\Desktop\\KANUPRIYA\\Final Task 6\\routes\\application.js": {"path":"C:\\Users\\ragha\\Desktop\\KANUPRIYA\\Final Task 6\\routes\\application.js","statementMap":{"0":{"start":{"line":4,"column":20},"end":{"line":4,"column":36}},"1":{"start":{"line":5,"column":0},"end":{"line":5,"column":69}},"2":{"start":{"line":6,"column":0},"end":{"line":6,"column":64}},"3":{"start":{"line":7,"column":0},"end":{"line":7,"column":67}},"4":{"start":{"line":8,"column":0},"end":{"line":8,"column":64}}},"fnMap":{},"branchMap":{},"s":{"0":1,"1":1,"2":1,"3":1,"4":1},"f":{},"b":{},"_coverageSchema":"1a1c01bbd47fc00a2c39e90264f33305004495a9","hash":"b8b51dd6a4b9a1c80e80ccb538d3c83f6d7db2a6"}
,"C:\\Users\\ragha\\Desktop\\KANUPRIYA\\Final Task 6\\routes\\blog.js": {"path":"C:\\Users\\ragha\\Desktop\\KANUPRIYA\\Final Task 6\\routes\\blog.js","statementMap":{"0":{"start":{"line":10,"column":13},"end":{"line":10,"column":29}},"1":{"start":{"line":12,"column":0},"end":{"line":12,"column":36}},"2":{"start":{"line":13,"column":0},"end":{"line":13,"column":34}},"3":{"start":{"line":14,"column":0},"end":{"line":14,"column":43}},"4":{"start":{"line":15,"column":0},"end":{"line":15,"column":44}},"5":{"start":{"line":16,"column":0},"end":{"line":16,"column":47}}},"fnMap":{},"branchMap":{},"s":{"0":1,"1":1,"2":1,"3":1,"4":1,"5":1},"f":{},"b":{},"_coverageSchema":"1a1c01bbd47fc00a2c39e90264f33305004495a9","hash":"46f4f5ce153b2d9e863f1a3f0f7e115260de23a1"}
,"C:\\Users\\ragha\\Desktop\\KANUPRIYA\\Final Task 6\\routes\\company.js": {"path":"C:\\Users\\ragha\\Desktop\\KANUPRIYA\\Final Task 6\\routes\\company.js","statementMap":{"0":{"start":{"line":4,"column":13},"end":{"line":4,"column":29}},"1":{"start":{"line":6,"column":0},"end":{"line":6,"column":41}},"2":{"start":{"line":7,"column":0},"end":{"line":7,"column":37}},"3":{"start":{"line":8,"column":0},"end":{"line":8,"column":45}},"4":{"start":{"line":9,"column":0},"end":{"line":9,"column":46}}},"fnMap":{},"branchMap":{},"s":{"0":1,"1":1,"2":1,"3":1,"4":1},"f":{},"b":{},"_coverageSchema":"1a1c01bbd47fc00a2c39e90264f33305004495a9","hash":"eb0c391efcd917cf82ab764b526fe5918c628171"}
,"C:\\Users\\ragha\\Desktop\\KANUPRIYA\\Final Task 6\\routes\\follow.js": {"path":"C:\\Users\\ragha\\Desktop\\KANUPRIYA\\Final Task 6\\routes\\follow.js","statementMap":{"0":{"start":{"line":3,"column":15},"end":{"line":3,"column":31}},"1":{"start":{"line":5,"column":0},"end":{"line":5,"column":39}},"2":{"start":{"line":6,"column":0},"end":{"line":6,"column":46}},"3":{"start":{"line":7,"column":0},"end":{"line":7,"column":47}},"4":{"start":{"line":8,"column":0},"end":{"line":8,"column":56}},"5":{"start":{"line":9,"column":0},"end":{"line":9,"column":47}},"6":{"start":{"line":10,"column":0},"end":{"line":10,"column":56}}},"fnMap":{},"branchMap":{},"s":{"0":1,"1":1,"2":1,"3":1,"4":1,"5":1,"6":1},"f":{},"b":{},"_coverageSchema":"1a1c01bbd47fc00a2c39e90264f33305004495a9","hash":"49f0cc5605d12cd89d74af2fc5738b17843cb614"}
,"C:\\Users\\ragha\\Desktop\\KANUPRIYA\\Final Task 6\\routes\\job.js": {"path":"C:\\Users\\ragha\\Desktop\\KANUPRIYA\\Final Task 6\\routes\\job.js","statementMap":{"0":{"start":{"line":3,"column":12},"end":{"line":3,"column":28}},"1":{"start":{"line":5,"column":0},"end":{"line":5,"column":34}},"2":{"start":{"line":6,"column":0},"end":{"line":6,"column":42}},"3":{"start":{"line":7,"column":0},"end":{"line":7,"column":50}},"4":{"start":{"line":8,"column":0},"end":{"line":8,"column":51}}},"fnMap":{},"branchMap":{},"s":{"0":1,"1":1,"2":1,"3":1,"4":1},"f":{},"b":{},"_coverageSchema":"1a1c01bbd47fc00a2c39e90264f33305004495a9","hash":"787920183756867554c5513eebfce9476d361e84"}
,"C:\\Users\\ragha\\Desktop\\KANUPRIYA\\Final Task 6\\routes\\recruiter.js": {"path":"C:\\Users\\ragha\\Desktop\\KANUPRIYA\\Final Task 6\\routes\\recruiter.js","statementMap":{"0":{"start":{"line":4,"column":12},"end":{"line":4,"column":28}},"1":{"start":{"line":6,"column":0},"end":{"line":6,"column":39}},"2":{"start":{"line":7,"column":0},"end":{"line":7,"column":37}},"3":{"start":{"line":8,"column":0},"end":{"line":8,"column":39}},"4":{"start":{"line":9,"column":0},"end":{"line":11,"column":5}},"5":{"start":{"line":10,"column":4},"end":{"line":10,"column":75}},"6":{"start":{"line":12,"column":0},"end":{"line":12,"column":51}},"7":{"start":{"line":13,"column":0},"end":{"line":13,"column":52}}},"fnMap":{"0":{"name":"(anonymous_0)","decl":{"start":{"line":9,"column":33},"end":{"line":9,"column":34}},"loc":{"start":{"line":9,"column":47},"end":{"line":11,"column":3}},"line":9}},"branchMap":{},"s":{"0":1,"1":1,"2":1,"3":1,"4":1,"5":0,"6":1,"7":1},"f":{"0":0},"b":{},"_coverageSchema":"1a1c01bbd47fc00a2c39e90264f33305004495a9","hash":"fe6bb79039a39563a25654c601d2ecc3bc82ecc7"}
,"C:\\Users\\ragha\\Desktop\\KANUPRIYA\\Final Task 6\\routes\\user.js": {"path":"C:\\Users\\ragha\\Desktop\\KANUPRIYA\\Final Task 6\\routes\\user.js","statementMap":{"0":{"start":{"line":10,"column":15},"end":{"line":10,"column":31}},"1":{"start":{"line":11,"column":0},"end":{"line":11,"column":42}},"2":{"start":{"line":12,"column":0},"end":{"line":12,"column":35}},"3":{"start":{"line":13,"column":0},"end":{"line":13,"column":55}},"4":{"start":{"line":15,"column":0},"end":{"line":17,"column":3}},"5":{"start":{"line":16,"column":2},"end":{"line":16,"column":73}},"6":{"start":{"line":20,"column":0},"end":{"line":20,"column":59}}},"fnMap":{"0":{"name":"(anonymous_0)","decl":{"start":{"line":15,"column":38},"end":{"line":15,"column":39}},"loc":{"start":{"line":15,"column":52},"end":{"line":17,"column":1}},"line":15}},"branchMap":{},"s":{"0":1,"1":1,"2":1,"3":1,"4":1,"5":0,"6":1},"f":{"0":0},"b":{},"_coverageSchema":"1a1c01bbd47fc00a2c39e90264f33305004495a9","hash":"8d0b157c7fb2d68f47c37ab83034f142cea9ed93"}
,"C:\\Users\\ragha\\Desktop\\KANUPRIYA\\Final Task 6\\utils\\cloudinary.js": {"path":"C:\\Users\\ragha\\Desktop\\KANUPRIYA\\Final Task 6\\utils\\cloudinary.js","statementMap":{"0":{"start":{"line":2,"column":19},"end":{"line":2,"column":27}},"1":{"start":{"line":4,"column":0},"end":{"line":4,"column":16}},"2":{"start":{"line":6,"column":0},"end":{"line":10,"column":3}}},"fnMap":{},"branchMap":{},"s":{"0":1,"1":1,"2":1},"f":{},"b":{},"_coverageSchema":"1a1c01bbd47fc00a2c39e90264f33305004495a9","hash":"ca244258bd4f0a431138e080e8c9de5bd36808b5"}
,"C:\\Users\\ragha\\Desktop\\KANUPRIYA\\Final Task 6\\utils\\connection.js": {"path":"C:\\Users\\ragha\\Desktop\\KANUPRIYA\\Final Task 6\\utils\\connection.js","statementMap":{"0":{"start":{"line":3,"column":27},"end":{"line":8,"column":1}},"1":{"start":{"line":4,"column":2},"end":{"line":7,"column":64}},"2":{"start":{"line":6,"column":16},"end":{"line":6,"column":46}},"3":{"start":{"line":7,"column":20},"end":{"line":7,"column":62}}},"fnMap":{"0":{"name":"(anonymous_0)","decl":{"start":{"line":3,"column":27},"end":{"line":3,"column":28}},"loc":{"start":{"line":3,"column":33},"end":{"line":8,"column":1}},"line":3},"1":{"name":"(anonymous_1)","decl":{"start":{"line":6,"column":10},"end":{"line":6,"column":11}},"loc":{"start":{"line":6,"column":16},"end":{"line":6,"column":46}},"line":6},"2":{"name":"(anonymous_2)","decl":{"start":{"line":7,"column":11},"end":{"line":7,"column":12}},"loc":{"start":{"line":7,"column":20},"end":{"line":7,"column":62}},"line":7}},"branchMap":{},"s":{"0":1,"1":2,"2":2,"3":0},"f":{"0":2,"1":2,"2":0},"b":{},"_coverageSchema":"1a1c01bbd47fc00a2c39e90264f33305004495a9","hash":"8b19be15817c5625529dd30fb97c965cc6f7b427"}
}
