TN:
SF:index.js
FN:35,(anonymous_0)
FN:39,(anonymous_1)
FNF:2
FNH:1
FNDA:1,(anonymous_0)
FNDA:0,(anonymous_1)
DA:13,1
DA:15,1
DA:16,1
DA:18,1
DA:19,1
DA:20,1
DA:26,1
DA:28,1
DA:29,1
DA:30,1
DA:31,1
DA:32,1
DA:33,1
DA:34,1
DA:35,1
DA:36,1
DA:39,1
DA:40,0
LF:18
LH:17
BRF:0
BRH:0
end_of_record
TN:
SF:controllers\application.js
FN:3,displayAllApplication
FN:28,displayapplication
FN:42,postapplication
FN:59,deleteapplication
FNF:4
FNH:0
FNDA:0,displayAllApplication
FNDA:0,displayapplication
FNDA:0,postapplication
FNDA:0,deleteapplication
DA:4,0
DA:5,0
DA:8,0
DA:11,0
DA:14,0
DA:17,0
DA:24,0
DA:29,0
DA:30,0
DA:34,0
DA:36,0
DA:37,0
DA:43,0
DA:44,0
DA:45,0
DA:51,0
DA:52,0
DA:54,0
DA:60,0
DA:61,0
DA:63,0
DA:66,0
DA:67,0
DA:70,0
DA:74,0
LF:25
LH:0
BRDA:66,0,0,0
BRDA:66,0,1,0
BRF:2
BRH:0
end_of_record
TN:
SF:controllers\blog.js
FN:3,displayblog
FN:6,(anonymous_1)
FN:25,postblog
FN:44,updateblog
FN:65,deleteblog
FN:83,displaybytags
FNF:6
FNH:0
FNDA:0,displayblog
FNDA:0,(anonymous_1)
FNDA:0,postblog
FNDA:0,updateblog
FNDA:0,deleteblog
FNDA:0,displaybytags
DA:4,0
DA:5,0
DA:6,0
DA:7,0
DA:8,0
DA:9,0
DA:10,0
DA:12,0
DA:15,0
DA:17,0
DA:19,0
DA:26,0
DA:28,0
DA:29,0
DA:37,0
DA:38,0
DA:40,0
DA:45,0
DA:46,0
DA:47,0
DA:48,0
DA:54,0
DA:55,0
DA:59,0
DA:61,0
DA:66,0
DA:67,0
DA:68,0
DA:70,0
DA:71,0
DA:76,0
DA:79,0
DA:84,0
DA:85,0
DA:86,0
DA:87,0
DA:89,0
DA:90,0
DA:95,0
DA:98,0
LF:40
LH:0
BRDA:7,0,0,0
BRDA:7,0,1,0
BRDA:9,1,0,0
BRDA:9,1,1,0
BRDA:54,2,0,0
BRDA:54,2,1,0
BRDA:70,3,0,0
BRDA:70,3,1,0
BRDA:89,4,0,0
BRDA:89,4,1,0
BRDA:100,5,0,0
BRDA:100,5,1,0
BRF:12
BRH:0
end_of_record
TN:
SF:controllers\company.js
FN:4,displayComp
FN:19,postComp
FN:35,updateComp
FN:59,deleteComp
FN:77,(anonymous_4)
FN:96,(anonymous_5)
FN:121,(anonymous_6)
FNF:7
FNH:0
FNDA:0,displayComp
FNDA:0,postComp
FNDA:0,updateComp
FNDA:0,deleteComp
FNDA:0,(anonymous_4)
FNDA:0,(anonymous_5)
FNDA:0,(anonymous_6)
DA:5,0
DA:6,0
DA:11,0
DA:13,0
DA:20,0
DA:21,0
DA:22,0
DA:29,0
DA:30,0
DA:32,0
DA:36,0
DA:37,0
DA:38,0
DA:39,0
DA:45,0
DA:46,0
DA:49,0
DA:53,0
DA:60,0
DA:61,0
DA:62,0
DA:64,0
DA:65,0
DA:70,0
DA:73,0
DA:77,1
DA:78,0
DA:79,0
DA:80,0
DA:84,0
DA:85,0
DA:89,0
DA:91,0
DA:92,0
DA:96,1
DA:97,0
DA:98,0
DA:100,0
DA:101,0
DA:102,0
DA:103,0
DA:107,0
DA:108,0
DA:110,0
DA:111,0
DA:112,0
DA:116,0
DA:117,0
DA:121,1
DA:122,0
DA:123,0
DA:124,0
DA:125,0
DA:126,0
DA:127,0
DA:131,0
DA:133,0
DA:134,0
DA:135,0
DA:136,0
DA:140,0
DA:141,0
LF:62
LH:3
BRDA:45,0,0,0
BRDA:45,0,1,0
BRDA:64,1,0,0
BRDA:64,1,1,0
BRDA:84,2,0,0
BRDA:84,2,1,0
BRDA:102,3,0,0
BRDA:102,3,1,0
BRDA:126,4,0,0
BRDA:126,4,1,0
BRF:10
BRH:0
end_of_record
TN:
SF:controllers\follow.js
FN:3,displayfollow
FN:7,(anonymous_1)
FN:33,postfollow
FN:54,deletefollow
FN:70,getFollowers
FN:77,(anonymous_5)
FN:86,getFollowing
FN:89,(anonymous_7)
FN:105,(anonymous_8)
FN:121,getCompanyFollowerCounts
FNF:10
FNH:0
FNDA:0,displayfollow
FNDA:0,(anonymous_1)
FNDA:0,postfollow
FNDA:0,deletefollow
FNDA:0,getFollowers
FNDA:0,(anonymous_5)
FNDA:0,getFollowing
FNDA:0,(anonymous_7)
FNDA:0,(anonymous_8)
FNDA:0,getCompanyFollowerCounts
DA:4,0
DA:5,0
DA:7,0
DA:8,0
DA:9,0
DA:13,0
DA:14,0
DA:19,0
DA:22,0
DA:24,0
DA:27,0
DA:34,0
DA:35,0
DA:36,0
DA:43,0
DA:44,0
DA:48,0
DA:55,0
DA:56,0
DA:57,0
DA:58,0
DA:62,0
DA:64,0
DA:71,0
DA:72,0
DA:73,0
DA:77,0
DA:78,0
DA:80,0
DA:87,0
DA:88,0
DA:89,0
DA:90,0
DA:91,0
DA:95,0
DA:96,0
DA:101,0
DA:103,0
DA:105,0
DA:106,0
DA:107,0
DA:108,0
DA:110,0
DA:113,0
DA:115,0
DA:122,0
DA:123,0
DA:132,0
DA:134,0
LF:49
LH:0
BRDA:8,0,0,0
BRDA:8,0,1,0
BRDA:13,1,0,0
BRDA:13,1,1,0
BRDA:90,2,0,0
BRDA:90,2,1,0
BRDA:95,3,0,0
BRDA:95,3,1,0
BRDA:107,4,0,0
BRDA:107,4,1,0
BRF:10
BRH:0
end_of_record
TN:
SF:controllers\job.js
FN:4,displayjob
FN:16,postjob
FN:41,updatejob
FN:59,deletejob
FN:75,(anonymous_4)
FNF:5
FNH:0
FNDA:0,displayjob
FNDA:0,postjob
FNDA:0,updatejob
FNDA:0,deletejob
FNDA:0,(anonymous_4)
DA:5,0
DA:6,0
DA:10,0
DA:12,0
DA:17,0
DA:18,0
DA:21,0
DA:32,0
DA:33,0
DA:35,0
DA:42,0
DA:43,0
DA:44,0
DA:46,0
DA:48,0
DA:49,0
DA:52,0
DA:54,0
DA:60,0
DA:61,0
DA:63,0
DA:65,0
DA:66,0
DA:69,0
DA:71,0
DA:75,1
DA:76,0
DA:77,0
DA:80,0
DA:85,0
DA:86,0
DA:90,0
DA:91,0
DA:94,0
DA:98,0
DA:99,0
LF:36
LH:1
BRDA:48,0,0,0
BRDA:48,0,1,0
BRDA:65,1,0,0
BRDA:65,1,1,0
BRDA:85,2,0,0
BRDA:85,2,1,0
BRF:6
BRH:0
end_of_record
TN:
SF:controllers\recruiter.js
FN:6,displayRec
FN:21,postRec
FN:62,loginRec
FN:93,updateRec
FN:117,deleteRec
FNF:5
FNH:5
FNDA:1,displayRec
FNDA:1,postRec
FNDA:1,loginRec
FNDA:1,updateRec
FNDA:1,deleteRec
DA:4,1
DA:7,1
DA:8,1
DA:13,1
DA:15,0
DA:22,1
DA:31,1
DA:32,1
DA:33,0
DA:36,1
DA:37,0
DA:40,1
DA:42,1
DA:52,1
DA:54,1
DA:56,0
DA:63,1
DA:64,1
DA:65,1
DA:66,0
DA:70,1
DA:71,1
DA:72,0
DA:74,1
DA:75,1
DA:76,0
DA:78,1
DA:85,1
DA:87,0
DA:94,1
DA:95,1
DA:96,1
DA:98,1
DA:105,1
DA:106,0
DA:109,1
DA:113,0
DA:118,1
DA:119,1
DA:120,1
DA:122,1
DA:123,1
DA:128,0
DA:131,0
LF:44
LH:32
BRDA:32,0,0,0
BRDA:32,0,1,1
BRDA:36,1,0,0
BRDA:36,1,1,1
BRDA:65,2,0,0
BRDA:65,2,1,1
BRDA:65,3,0,1
BRDA:65,3,1,1
BRDA:71,4,0,0
BRDA:71,4,1,1
BRDA:75,5,0,0
BRDA:75,5,1,1
BRDA:105,6,0,0
BRDA:105,6,1,1
BRDA:122,7,0,1
BRDA:122,7,1,0
BRF:16
BRH:9
end_of_record
TN:
SF:controllers\user.js
FN:11,postperson
FN:74,loginperson
FN:124,update_user
FN:205,delete_user
FNF:4
FNH:0
FNDA:0,postperson
FNDA:0,loginperson
FNDA:0,update_user
FNDA:0,delete_user
DA:3,1
DA:9,1
DA:12,0
DA:13,0
DA:16,0
DA:17,0
DA:21,0
DA:22,0
DA:23,0
DA:25,0
DA:26,0
DA:30,0
DA:32,0
DA:37,0
DA:38,0
DA:39,0
DA:41,0
DA:42,0
DA:46,0
DA:48,0
DA:52,0
DA:54,0
DA:64,0
DA:65,0
DA:68,0
DA:69,0
DA:75,0
DA:76,0
DA:77,0
DA:78,0
DA:83,0
DA:84,0
DA:85,0
DA:87,0
DA:88,0
DA:89,0
DA:91,0
DA:98,0
DA:104,0
DA:105,0
DA:106,0
DA:108,0
DA:109,0
DA:113,0
DA:116,0
DA:118,0
DA:125,0
DA:126,0
DA:127,0
DA:128,0
DA:129,0
DA:136,0
DA:137,0
DA:138,0
DA:139,0
DA:141,0
DA:143,0
DA:149,0
DA:152,0
DA:154,0
DA:158,0
DA:159,0
DA:160,0
DA:161,0
DA:163,0
DA:165,0
DA:172,0
DA:175,0
DA:177,0
DA:181,0
DA:184,0
DA:185,0
DA:188,0
DA:194,0
DA:195,0
DA:198,0
DA:200,0
DA:201,0
DA:206,0
DA:207,0
DA:209,0
DA:210,0
DA:211,0
DA:242,0
DA:243,0
DA:244,0
DA:245,0
DA:246,0
DA:247,0
DA:249,0
DA:252,0
DA:255,0
DA:256,0
DA:257,0
DA:258,0
DA:259,0
DA:260,0
DA:262,0
DA:263,0
DA:265,0
DA:268,0
DA:284,0
DA:285,0
DA:287,0
DA:288,0
LF:105
LH:2
BRDA:16,0,0,0
BRDA:16,0,1,0
BRDA:21,1,0,0
BRDA:21,1,1,0
BRDA:21,2,0,0
BRDA:21,2,1,0
BRDA:21,2,2,0
BRDA:37,3,0,0
BRDA:37,3,1,0
BRDA:37,4,0,0
BRDA:37,4,1,0
BRDA:37,4,2,0
BRDA:77,5,0,0
BRDA:77,5,1,0
BRDA:77,6,0,0
BRDA:77,6,1,0
BRDA:84,7,0,0
BRDA:84,7,1,0
BRDA:88,8,0,0
BRDA:88,8,1,0
BRDA:128,9,0,0
BRDA:128,9,1,0
BRDA:136,10,0,0
BRDA:136,10,1,0
BRDA:136,11,0,0
BRDA:136,11,1,0
BRDA:158,12,0,0
BRDA:158,12,1,0
BRDA:158,13,0,0
BRDA:158,13,1,0
BRDA:184,14,0,0
BRDA:184,14,1,0
BRDA:185,15,0,0
BRDA:185,15,1,0
BRDA:194,16,0,0
BRDA:194,16,1,0
BRDA:210,17,0,0
BRDA:210,17,1,0
BRDA:242,18,0,0
BRDA:242,18,1,0
BRDA:255,19,0,0
BRDA:255,19,1,0
BRF:42
BRH:0
end_of_record
TN:
SF:middlewares\authentication.js
FN:5,verifyToken
FN:10,(anonymous_1)
FN:23,verifyRec
FN:28,(anonymous_3)
FNF:4
FNH:2
FNDA:0,verifyToken
FNDA:0,(anonymous_1)
FNDA:4,verifyRec
FNDA:4,(anonymous_3)
DA:3,1
DA:4,1
DA:6,0
DA:7,0
DA:8,0
DA:9,0
DA:10,0
DA:11,0
DA:12,0
DA:14,0
DA:15,0
DA:19,0
DA:24,4
DA:25,4
DA:26,4
DA:27,4
DA:28,4
DA:29,4
DA:30,0
DA:32,4
DA:33,4
DA:37,0
LF:22
LH:10
BRDA:7,0,0,0
BRDA:7,0,1,0
BRDA:11,1,0,0
BRDA:11,1,1,0
BRDA:25,2,0,4
BRDA:25,2,1,0
BRDA:29,3,0,0
BRDA:29,3,1,4
BRF:8
BRH:2
end_of_record
TN:
SF:middlewares\multer.js
FN:4,(anonymous_0)
FNF:1
FNH:0
FNDA:0,(anonymous_0)
DA:3,1
DA:5,0
DA:9,1
LF:3
LH:2
BRF:0
BRH:0
end_of_record
TN:
SF:models\application.js
FNF:0
FNH:0
DA:3,1
DA:27,1
LF:2
LH:2
BRF:0
BRH:0
end_of_record
TN:
SF:models\blog.js
FNF:0
FNH:0
DA:2,1
DA:31,1
LF:2
LH:2
BRF:0
BRH:0
end_of_record
TN:
SF:models\company.js
FNF:0
FNH:0
DA:3,1
DA:13,1
LF:2
LH:2
BRF:0
BRH:0
end_of_record
TN:
SF:models\follow.js
FNF:0
FNH:0
DA:2,1
DA:21,1
LF:2
LH:2
BRF:0
BRH:0
end_of_record
TN:
SF:models\job.js
FNF:0
FNH:0
DA:2,1
DA:38,1
LF:2
LH:2
BRF:0
BRH:0
end_of_record
TN:
SF:models\recruiter.js
FNF:0
FNH:0
DA:3,1
DA:16,1
LF:2
LH:2
BRF:0
BRH:0
end_of_record
TN:
SF:models\user.js
FNF:0
FNH:0
DA:2,1
DA:25,1
LF:2
LH:2
BRF:0
BRH:0
end_of_record
TN:
SF:routes\application.js
FNF:0
FNH:0
DA:4,1
DA:5,1
DA:6,1
DA:7,1
DA:8,1
LF:5
LH:5
BRF:0
BRH:0
end_of_record
TN:
SF:routes\blog.js
FNF:0
FNH:0
DA:10,1
DA:12,1
DA:13,1
DA:14,1
DA:15,1
DA:16,1
LF:6
LH:6
BRF:0
BRH:0
end_of_record
TN:
SF:routes\company.js
FNF:0
FNH:0
DA:4,1
DA:6,1
DA:7,1
DA:8,1
DA:9,1
DA:10,1
DA:11,1
DA:12,1
LF:8
LH:8
BRF:0
BRH:0
end_of_record
TN:
SF:routes\follow.js
FNF:0
FNH:0
DA:3,1
DA:5,1
DA:6,1
DA:7,1
DA:8,1
DA:9,1
DA:10,1
LF:7
LH:7
BRF:0
BRH:0
end_of_record
TN:
SF:routes\job.js
FNF:0
FNH:0
DA:3,1
DA:5,1
DA:6,1
DA:7,1
DA:8,1
DA:9,1
LF:6
LH:6
BRF:0
BRH:0
end_of_record
TN:
SF:routes\recruiter.js
FN:9,(anonymous_0)
FNF:1
FNH:1
FNDA:1,(anonymous_0)
DA:4,1
DA:6,1
DA:7,1
DA:8,1
DA:9,1
DA:10,1
DA:12,1
DA:13,1
LF:8
LH:8
BRF:0
BRH:0
end_of_record
TN:
SF:routes\user.js
FN:15,(anonymous_0)
FNF:1
FNH:0
FNDA:0,(anonymous_0)
DA:10,1
DA:11,1
DA:12,1
DA:13,1
DA:15,1
DA:16,0
DA:20,1
LF:7
LH:6
BRF:0
BRH:0
end_of_record
TN:
SF:utils\cloudinary.js
FNF:0
FNH:0
DA:2,1
DA:4,1
DA:6,1
LF:3
LH:3
BRF:0
BRH:0
end_of_record
TN:
SF:utils\connection.js
FN:3,(anonymous_0)
FN:6,(anonymous_1)
FN:7,(anonymous_2)
FNF:3
FNH:2
FNDA:2,(anonymous_0)
FNDA:2,(anonymous_1)
FNDA:0,(anonymous_2)
DA:3,1
DA:4,2
DA:6,2
DA:7,0
LF:4
LH:3
BRF:0
BRH:0
end_of_record
